Mon Feb 26 01:15:34 CET 2024
Package: package_1708906531371.awf
Install
Write Revision: 17156
----------------Plugins----------------
----------------Extensions----------------
----------------Direct Files----------------
----------------Core Files----------------
   libs/laf/syntheticaAluOxide.jar
   libs/laf/syntheticaBlackEye.jar
   libs/laf/syntheticaBlackMoon.jar
   libs/laf/syntheticaBlackStar.jar
   libs/laf/syntheticaBlueIce.jar
   libs/laf/syntheticaBlueLight.jar
   libs/laf/syntheticaBlueMoon.jar
   libs/laf/syntheticaBlueSteel.jar
   libs/laf/syntheticaClassy.jar
   libs/laf/syntheticaDark.jar
   libs/laf/syntheticaGreenDream.jar
   libs/laf/syntheticaMauveMetallic.jar
   libs/laf/syntheticaOrangeMetallic.jar
   libs/laf/syntheticaPlain.jar
   libs/laf/syntheticaSilverMoon.jar
   libs/laf/syntheticaSkyMetallic.jar
   libs/laf/syntheticaWhiteVision.jar
