Thu May 01 12:00:25 CEST 2025
Package: package_1746093517574.awf
Install
Write Revision: 18075
----------------Plugins----------------
   jd/plugins/decrypter/ChoMikujPlFolder.class
   jd/plugins/decrypter/DownloadRuFolder.class
   jd/plugins/decrypter/GenericYetiShareFolder.class
   jd/plugins/decrypter/TorboxAppCrawler.class
   jd/plugins/decrypter/VepornNet.class
   jd/plugins/hoster/BlazingshareMe.class.removed
   jd/plugins/hoster/BoxbitApp.class
   jd/plugins/hoster/Bunkr.class
   jd/plugins/hoster/ChoMikujPl$1.class.removed
   jd/plugins/hoster/ChoMikujPl.class
   jd/plugins/hoster/DownloadRu.class
   jd/plugins/hoster/EltrecetvComAr.class
   jd/plugins/hoster/FilestoreTo.class
   jd/plugins/hoster/FreeDiscPl.class
   jd/plugins/hoster/GofileIo.class
   jd/plugins/hoster/JpgChurch.class
   jd/plugins/hoster/KernelVideoSharingComThepornbangCom.class
   jd/plugins/hoster/ModsfireCom.class
   jd/plugins/hoster/Offline.class
   jd/plugins/hoster/PluginForCaptchaSolverCaptchasIo.class
   jd/plugins/hoster/PluginForCaptchaSolverTwoCaptcha.class
   jd/plugins/hoster/RapidGatorNet.class
   jd/plugins/hoster/SankakucomplexCom.class
   jd/plugins/hoster/StreamboltTv.class
   jd/plugins/hoster/UpstoRe.class
----------------Extensions----------------
----------------Direct Files----------------
   build.json
----------------Core Files----------------
   Core.jar
   JD: Core.jar/jd/controlling/faviconcontroller/FavIcons.class
   JD: Core.jar/jd/plugins/BrowserAdapter.class
   JD: Core.jar/jd/plugins/Plugin$4.class
   JD: Core.jar/jd/plugins/Plugin$5.class
   JD: Core.jar/jd/plugins/Plugin$6.class
   JD: Core.jar/jd/plugins/Plugin$PluginEnvironment.class
   JD: Core.jar/jd/plugins/Plugin.class
   JD: Core.jar/jd/plugins/components/UserAgents$Generator.class
   JD: Core.jar/jd/plugins/components/UserAgents$UserAgent.class
   JD: Core.jar/jd/plugins/components/UserAgents.class
   JD: Core.jar/org/jdownloader/captcha/v2/ChallengeResponseController.class
   JD: Core.jar/org/jdownloader/captcha/v2/ChallengeSolver.class
   JD: Core.jar/org/jdownloader/captcha/v2/PluginChallengeSolver.class
   JD: Core.jar/org/jdownloader/captcha/v2/solver/CESChallengeSolver$1$1.class
   JD: Core.jar/org/jdownloader/captcha/v2/solver/CESChallengeSolver$1.class
   JD: Core.jar/org/jdownloader/captcha/v2/solver/CESChallengeSolver.class
   JD: Core.jar/org/jdownloader/controlling/packagizer/PackagizerController$1.class
   JD: Core.jar/org/jdownloader/controlling/packagizer/PackagizerController$10.class
   JD: Core.jar/org/jdownloader/controlling/packagizer/PackagizerController$11.class
   JD: Core.jar/org/jdownloader/controlling/packagizer/PackagizerController$12.class
   JD: Core.jar/org/jdownloader/controlling/packagizer/PackagizerController$13.class
   JD: Core.jar/org/jdownloader/controlling/packagizer/PackagizerController$14.class
   JD: Core.jar/org/jdownloader/controlling/packagizer/PackagizerController$15.class
   JD: Core.jar/org/jdownloader/controlling/packagizer/PackagizerController$16.class
   JD: Core.jar/org/jdownloader/controlling/packagizer/PackagizerController$17.class
   JD: Core.jar/org/jdownloader/controlling/packagizer/PackagizerController$18.class
   JD: Core.jar/org/jdownloader/controlling/packagizer/PackagizerController$19.class
   JD: Core.jar/org/jdownloader/controlling/packagizer/PackagizerController$2.class
   JD: Core.jar/org/jdownloader/controlling/packagizer/PackagizerController$20.class
   JD: Core.jar/org/jdownloader/controlling/packagizer/PackagizerController$21.class
   JD: Core.jar/org/jdownloader/controlling/packagizer/PackagizerController$22.class
   JD: Core.jar/org/jdownloader/controlling/packagizer/PackagizerController$23.class
   JD: Core.jar/org/jdownloader/controlling/packagizer/PackagizerController$24.class
   JD: Core.jar/org/jdownloader/controlling/packagizer/PackagizerController$3.class
   JD: Core.jar/org/jdownloader/controlling/packagizer/PackagizerController$4.class
   JD: Core.jar/org/jdownloader/controlling/packagizer/PackagizerController$5.class
   JD: Core.jar/org/jdownloader/controlling/packagizer/PackagizerController$6.class
   JD: Core.jar/org/jdownloader/controlling/packagizer/PackagizerController$7.class
   JD: Core.jar/org/jdownloader/controlling/packagizer/PackagizerController$8.class
   JD: Core.jar/org/jdownloader/controlling/packagizer/PackagizerController$9.class
   JD: Core.jar/org/jdownloader/controlling/packagizer/PackagizerController$REPLACEVARIABLE.class
   JD: Core.jar/org/jdownloader/controlling/packagizer/PackagizerController.class
   JD: Core.jar/org/jdownloader/gui/notify/BasicContentPanel$1.class
   JD: Core.jar/org/jdownloader/gui/notify/BasicContentPanel.class
   JD: Core.jar/org/jdownloader/plugins/components/TurbobitCore$1.class
   JD: Core.jar/org/jdownloader/plugins/components/TurbobitCore$2.class
   JD: Core.jar/org/jdownloader/plugins/components/TurbobitCore$DownloadType.class
   JD: Core.jar/org/jdownloader/plugins/components/TurbobitCore.class
   JD: Core.jar/org/jdownloader/plugins/components/XFileSharingProBasic$1.class
   JD: Core.jar/org/jdownloader/plugins/components/XFileSharingProBasic$DOWNLOAD_ATTEMPT_FLAGS.class
   JD: Core.jar/org/jdownloader/plugins/components/XFileSharingProBasic.class
   JD: Core.jar/org/jdownloader/plugins/components/YetiShareCore$1.class
   JD: Core.jar/org/jdownloader/plugins/components/YetiShareCore$2.class
   JD: Core.jar/org/jdownloader/plugins/components/YetiShareCore.class
   JD: Core.jar/org/jdownloader/plugins/components/captchasolver/PluginForCaptchaSolverSolverService.class
   JD: Core.jar/org/jdownloader/plugins/components/captchasolver/abstractPluginForCaptchaSolver$CAPTCHA_TYPE$13.class
   JD: Core.jar/org/jdownloader/plugins/components/captchasolver/abstractPluginForCaptchaSolver$CAPTCHA_TYPE.class
   JD: Core.jar/org/jdownloader/plugins/components/captchasolver/abstractPluginForCaptchaSolver.class
   JD: Core.jar/org/jdownloader/plugins/components/config/KVSConfigPorngreyNet.class
   JD: Core.jar/org/jdownloader/plugins/components/google/GoogleHelper$1.class
   JD: Core.jar/org/jdownloader/plugins/components/google/GoogleHelper$2.class
   JD: Core.jar/org/jdownloader/plugins/components/google/GoogleHelper$3$1.class
   JD: Core.jar/org/jdownloader/plugins/components/google/GoogleHelper$3.class
   JD: Core.jar/org/jdownloader/plugins/components/google/GoogleHelper$4$1.class
   JD: Core.jar/org/jdownloader/plugins/components/google/GoogleHelper$4.class
   JD: Core.jar/org/jdownloader/plugins/components/google/GoogleHelper$5$1.class.removed
   JD: Core.jar/org/jdownloader/plugins/components/google/GoogleHelper$5.class.removed
   JD: Core.jar/org/jdownloader/plugins/components/google/GoogleHelper.class
   JD: Core.jar/org/jdownloader/plugins/components/youtube/YoutubeHelper$52.class
   JD: Core.jar/org/jdownloader/plugins/components/youtube/YoutubeHelper$53.class
   JD: Core.jar/org/jdownloader/plugins/components/youtube/YoutubeHelper$54.class
   JD: Core.jar/org/jdownloader/plugins/components/youtube/YoutubeHelper.class
   JD: libs/JDHttp.jar/jd/http/Browser$2.class
   JD: libs/JDHttp.jar/jd/http/Browser$CloudflareBlockedType$1.class
   JD: libs/JDHttp.jar/jd/http/Browser$CloudflareBlockedType$2.class
   JD: libs/JDHttp.jar/jd/http/Browser$CloudflareBlockedType$3.class
   JD: libs/JDHttp.jar/jd/http/Browser$CloudflareBlockedType$4.class
   JD: libs/JDHttp.jar/jd/http/Browser$CloudflareBlockedType.class
   JD: libs/JDHttp.jar/jd/http/Browser$GenericSupportedBlockTypes$1.class
   JD: libs/JDHttp.jar/jd/http/Browser$GenericSupportedBlockTypes$10.class
   JD: libs/JDHttp.jar/jd/http/Browser$GenericSupportedBlockTypes$11.class
   JD: libs/JDHttp.jar/jd/http/Browser$GenericSupportedBlockTypes$12.class
   JD: libs/JDHttp.jar/jd/http/Browser$GenericSupportedBlockTypes$13.class
   JD: libs/JDHttp.jar/jd/http/Browser$GenericSupportedBlockTypes$14.class
   JD: libs/JDHttp.jar/jd/http/Browser$GenericSupportedBlockTypes$15.class
   JD: libs/JDHttp.jar/jd/http/Browser$GenericSupportedBlockTypes$2.class
   JD: libs/JDHttp.jar/jd/http/Browser$GenericSupportedBlockTypes$3.class
   JD: libs/JDHttp.jar/jd/http/Browser$GenericSupportedBlockTypes$4.class
   JD: libs/JDHttp.jar/jd/http/Browser$GenericSupportedBlockTypes$5.class
   JD: libs/JDHttp.jar/jd/http/Browser$GenericSupportedBlockTypes$6.class
   JD: libs/JDHttp.jar/jd/http/Browser$GenericSupportedBlockTypes$7.class
   JD: libs/JDHttp.jar/jd/http/Browser$GenericSupportedBlockTypes$8.class
   JD: libs/JDHttp.jar/jd/http/Browser$GenericSupportedBlockTypes$9.class
   JD: libs/JDHttp.jar/jd/http/Browser$GenericSupportedBlockTypes.class
   JD: libs/JDHttp.jar/jd/http/Browser.class
   JD: libs/jsvg.jar/META-INF/MANIFEST.MF
   JD: libs/jsvg.jar/com/github/weisj/jsvg/SVGDocument.class
   JD: libs/jsvg.jar/com/github/weisj/jsvg/SVGRenderingHints$1.class.removed
   JD: libs/jsvg.jar/com/github/weisj/jsvg/SVGRenderingHints$Key.class.removed
   JD: libs/jsvg.jar/com/github/weisj/jsvg/SVGRenderingHints$Value.class.removed
   JD: libs/jsvg.jar/com/github/weisj/jsvg/SVGRenderingHints.class.removed
   JD: libs/jsvg.jar/com/github/weisj/jsvg/animation/AnimationPeriod.class
   JD: libs/jsvg.jar/com/github/weisj/jsvg/animation/Track.class
   JD: libs/jsvg.jar/com/github/weisj/jsvg/animation/interpolation/DefaultInterpolator.class
   JD: libs/jsvg.jar/com/github/weisj/jsvg/animation/interpolation/PaintInterpolator.class
   JD: libs/jsvg.jar/com/github/weisj/jsvg/animation/interpolation/TransformInterpolator.class
   JD: libs/jsvg.jar/com/github/weisj/jsvg/animation/value/AnimatedColor.class
   JD: libs/jsvg.jar/com/github/weisj/jsvg/animation/value/AnimatedFloat.class
   JD: libs/jsvg.jar/com/github/weisj/jsvg/animation/value/AnimatedFloatList.class
   JD: libs/jsvg.jar/com/github/weisj/jsvg/animation/value/AnimatedLength.class
   JD: libs/jsvg.jar/com/github/weisj/jsvg/animation/value/AnimatedPaint.class
   JD: libs/jsvg.jar/com/github/weisj/jsvg/animation/value/AnimatedPath.class
   JD: libs/jsvg.jar/com/github/weisj/jsvg/animation/value/AnimatedPercentage.class
   JD: libs/jsvg.jar/com/github/weisj/jsvg/animation/value/AnimatedTransform.class
   JD: libs/jsvg.jar/com/github/weisj/jsvg/attributes/AttributeParser$1.class.removed
   JD: libs/jsvg.jar/com/github/weisj/jsvg/attributes/AttributeParser.class.removed
   JD: libs/jsvg.jar/com/github/weisj/jsvg/attributes/FillRule.class
   JD: libs/jsvg.jar/com/github/weisj/jsvg/attributes/MarkerOrientation$AngleOrientation.class
   JD: libs/jsvg.jar/com/github/weisj/jsvg/attributes/MarkerOrientation$AutoOrientation.class
   JD: libs/jsvg.jar/com/github/weisj/jsvg/attributes/MarkerOrientation$AutoStartReverseOrientation.class
   JD: libs/jsvg.jar/com/github/weisj/jsvg/attributes/MarkerOrientation$MarkerType.class
   JD: libs/jsvg.jar/com/github/weisj/jsvg/attributes/MarkerOrientation.class
   JD: libs/jsvg.jar/com/github/weisj/jsvg/attributes/PaintOrder$Phase.class
   JD: libs/jsvg.jar/com/github/weisj/jsvg/attributes/PaintOrder.class
   JD: libs/jsvg.jar/com/github/weisj/jsvg/attributes/PreserveAspectRatio$Align.class
   JD: libs/jsvg.jar/com/github/weisj/jsvg/attributes/PreserveAspectRatio$AlignType$1.class
   JD: libs/jsvg.jar/com/github/weisj/jsvg/attributes/PreserveAspectRatio$AlignType$2.class
   JD: libs/jsvg.jar/com/github/weisj/jsvg/attributes/PreserveAspectRatio$AlignType$3.class
   JD: libs/jsvg.jar/com/github/weisj/jsvg/attributes/PreserveAspectRatio$AlignType.class
   JD: libs/jsvg.jar/com/github/weisj/jsvg/attributes/PreserveAspectRatio$MeetOrSlice.class
   JD: libs/jsvg.jar/com/github/weisj/jsvg/attributes/PreserveAspectRatio.class
   JD: libs/jsvg.jar/com/github/weisj/jsvg/attributes/UnitType.class
   JD: libs/jsvg.jar/com/github/weisj/jsvg/attributes/VectorEffect.class
   JD: libs/jsvg.jar/com/github/weisj/jsvg/attributes/ViewBox.class.removed
   JD: libs/jsvg.jar/com/github/weisj/jsvg/attributes/filter/EdgeMode.class
   JD: libs/jsvg.jar/com/github/weisj/jsvg/attributes/font/FontParser.class
   JD: libs/jsvg.jar/com/github/weisj/jsvg/attributes/font/FontResolver$FontCache$CacheKey.class
   JD: libs/jsvg.jar/com/github/weisj/jsvg/attributes/font/FontResolver.class
   JD: libs/jsvg.jar/com/github/weisj/jsvg/attributes/font/MeasurableFontSpec.class
   JD: libs/jsvg.jar/com/github/weisj/jsvg/attributes/paint.removed
   JD: libs/jsvg.jar/com/github/weisj/jsvg/attributes/paint/AwtSVGPaint.class.removed
   JD: libs/jsvg.jar/com/github/weisj/jsvg/attributes/paint/DefaultPaintParser$ColorLookup$Cache.class.removed
   JD: libs/jsvg.jar/com/github/weisj/jsvg/attributes/paint/DefaultPaintParser$ColorLookup.class.removed
   JD: libs/jsvg.jar/com/github/weisj/jsvg/attributes/paint/DefaultPaintParser.class.removed
   JD: libs/jsvg.jar/com/github/weisj/jsvg/attributes/paint/NonePaint.class.removed
   JD: libs/jsvg.jar/com/github/weisj/jsvg/attributes/paint/PaintParser.class.removed
   JD: libs/jsvg.jar/com/github/weisj/jsvg/attributes/paint/PredefinedPaints.class.removed
   JD: libs/jsvg.jar/com/github/weisj/jsvg/attributes/paint/RGBColor.class.removed
   JD: libs/jsvg.jar/com/github/weisj/jsvg/attributes/paint/SVGPaint.class.removed
   JD: libs/jsvg.jar/com/github/weisj/jsvg/attributes/paint/SentinelPaint.class.removed
   JD: libs/jsvg.jar/com/github/weisj/jsvg/attributes/paint/SimplePaintSVGPaint.class.removed
   JD: libs/jsvg.jar/com/github/weisj/jsvg/attributes/stroke/StrokeResolver.class
   JD: libs/jsvg.jar/com/github/weisj/jsvg/attributes/transform/TransformPart.class
   JD: libs/jsvg.jar/com/github/weisj/jsvg/attributes/value/ColorValue.class
   JD: libs/jsvg.jar/com/github/weisj/jsvg/attributes/value/ConstantFloat.class
   JD: libs/jsvg.jar/com/github/weisj/jsvg/attributes/value/ConstantFloatList.class
   JD: libs/jsvg.jar/com/github/weisj/jsvg/attributes/value/ConstantLengthTransform.class
   JD: libs/jsvg.jar/com/github/weisj/jsvg/attributes/value/ConstantTransform.class
   JD: libs/jsvg.jar/com/github/weisj/jsvg/attributes/value/ConstantValue.class
   JD: libs/jsvg.jar/com/github/weisj/jsvg/attributes/value/FloatListValue.class
   JD: libs/jsvg.jar/com/github/weisj/jsvg/attributes/value/FloatValue.class
   JD: libs/jsvg.jar/com/github/weisj/jsvg/attributes/value/LengthValue.class
   JD: libs/jsvg.jar/com/github/weisj/jsvg/attributes/value/PercentageValue.class
   JD: libs/jsvg.jar/com/github/weisj/jsvg/attributes/value/TransformValue.class
   JD: libs/jsvg.jar/com/github/weisj/jsvg/attributes/value/Value.class
   JD: libs/jsvg.jar/com/github/weisj/jsvg/geometry/AWTSVGShape.class
   JD: libs/jsvg.jar/com/github/weisj/jsvg/geometry/FillRuleAwareAWTSVGShape.class
   JD: libs/jsvg.jar/com/github/weisj/jsvg/geometry/MeasurableLength.class.removed
   JD: libs/jsvg.jar/com/github/weisj/jsvg/geometry/MeasurableShape.class.removed
   JD: libs/jsvg.jar/com/github/weisj/jsvg/geometry/SVGCircle.class
   JD: libs/jsvg.jar/com/github/weisj/jsvg/geometry/SVGEllipse.class
   JD: libs/jsvg.jar/com/github/weisj/jsvg/geometry/SVGLine.class
   JD: libs/jsvg.jar/com/github/weisj/jsvg/geometry/SVGRectangle.class
   JD: libs/jsvg.jar/com/github/weisj/jsvg/geometry/SVGRoundRectangle.class
   JD: libs/jsvg.jar/com/github/weisj/jsvg/geometry/size/FloatSize.class.removed
   JD: libs/jsvg.jar/com/github/weisj/jsvg/geometry/size/Length$1.class
   JD: libs/jsvg.jar/com/github/weisj/jsvg/geometry/size/Length.class
   JD: libs/jsvg.jar/com/github/weisj/jsvg/geometry/size/MeasureContext.class.removed
   JD: libs/jsvg.jar/com/github/weisj/jsvg/geometry/size/Percentage.class
   JD: libs/jsvg.jar/com/github/weisj/jsvg/geometry/util/GeometryUtil.class
   JD: libs/jsvg.jar/com/github/weisj/jsvg/nodes/AbstractGradient.class
   JD: libs/jsvg.jar/com/github/weisj/jsvg/nodes/AbstractPolyShape.class
   JD: libs/jsvg.jar/com/github/weisj/jsvg/nodes/AbstractSVGNode.class
   JD: libs/jsvg.jar/com/github/weisj/jsvg/nodes/Circle.class
   JD: libs/jsvg.jar/com/github/weisj/jsvg/nodes/ClipPath.class
   JD: libs/jsvg.jar/com/github/weisj/jsvg/nodes/Ellipse.class
   JD: libs/jsvg.jar/com/github/weisj/jsvg/nodes/Image.class
   JD: libs/jsvg.jar/com/github/weisj/jsvg/nodes/Line.class
   JD: libs/jsvg.jar/com/github/weisj/jsvg/nodes/LinearGradient.class
   JD: libs/jsvg.jar/com/github/weisj/jsvg/nodes/Marker.class
   JD: libs/jsvg.jar/com/github/weisj/jsvg/nodes/Mask.class
   JD: libs/jsvg.jar/com/github/weisj/jsvg/nodes/MetaSVGNode.class
   JD: libs/jsvg.jar/com/github/weisj/jsvg/nodes/Path.class
   JD: libs/jsvg.jar/com/github/weisj/jsvg/nodes/Pattern.class
   JD: libs/jsvg.jar/com/github/weisj/jsvg/nodes/RadialGradient.class
   JD: libs/jsvg.jar/com/github/weisj/jsvg/nodes/Rect.class
   JD: libs/jsvg.jar/com/github/weisj/jsvg/nodes/RenderableSVGNode.class
   JD: libs/jsvg.jar/com/github/weisj/jsvg/nodes/SVG.class
   JD: libs/jsvg.jar/com/github/weisj/jsvg/nodes/SVGNode.class
   JD: libs/jsvg.jar/com/github/weisj/jsvg/nodes/ShapeNode$1.class
   JD: libs/jsvg.jar/com/github/weisj/jsvg/nodes/ShapeNode.class
   JD: libs/jsvg.jar/com/github/weisj/jsvg/nodes/SolidColor.class
   JD: libs/jsvg.jar/com/github/weisj/jsvg/nodes/Stop.class
   JD: libs/jsvg.jar/com/github/weisj/jsvg/nodes/Symbol.class
   JD: libs/jsvg.jar/com/github/weisj/jsvg/nodes/Use.class
   JD: libs/jsvg.jar/com/github/weisj/jsvg/nodes/animation/Animate.class
   JD: libs/jsvg.jar/com/github/weisj/jsvg/nodes/animation/AnimateTransform.class
   JD: libs/jsvg.jar/com/github/weisj/jsvg/nodes/animation/BaseAnimationNode.class
   JD: libs/jsvg.jar/com/github/weisj/jsvg/nodes/container/BaseInnerViewContainer.class
   JD: libs/jsvg.jar/com/github/weisj/jsvg/nodes/container/CommonInnerViewContainer.class
   JD: libs/jsvg.jar/com/github/weisj/jsvg/nodes/container/CommonRenderableContainerNode.class
   JD: libs/jsvg.jar/com/github/weisj/jsvg/nodes/filter/AbstractCompositeFilterPrimitive.class
   JD: libs/jsvg.jar/com/github/weisj/jsvg/nodes/filter/AbstractFilterPrimitive.class
   JD: libs/jsvg.jar/com/github/weisj/jsvg/nodes/filter/Channel.class
   JD: libs/jsvg.jar/com/github/weisj/jsvg/nodes/filter/ChannelStorage.class
   JD: libs/jsvg.jar/com/github/weisj/jsvg/nodes/filter/CompositeModeComposite.class
   JD: libs/jsvg.jar/com/github/weisj/jsvg/nodes/filter/FeBlend.class
   JD: libs/jsvg.jar/com/github/weisj/jsvg/nodes/filter/FeColorMatrix.class
   JD: libs/jsvg.jar/com/github/weisj/jsvg/nodes/filter/FeComponentTransfer.class
   JD: libs/jsvg.jar/com/github/weisj/jsvg/nodes/filter/FeComposite.class
   JD: libs/jsvg.jar/com/github/weisj/jsvg/nodes/filter/FeDisplacementMap.class
   JD: libs/jsvg.jar/com/github/weisj/jsvg/nodes/filter/FeDropShadow.class
   JD: libs/jsvg.jar/com/github/weisj/jsvg/nodes/filter/FeFlood.class
   JD: libs/jsvg.jar/com/github/weisj/jsvg/nodes/filter/FeGaussianBlur.class
   JD: libs/jsvg.jar/com/github/weisj/jsvg/nodes/filter/FeMerge.class
   JD: libs/jsvg.jar/com/github/weisj/jsvg/nodes/filter/FeMergeNode.class
   JD: libs/jsvg.jar/com/github/weisj/jsvg/nodes/filter/FeOffset.class
   JD: libs/jsvg.jar/com/github/weisj/jsvg/nodes/filter/FeTurbulence.class
   JD: libs/jsvg.jar/com/github/weisj/jsvg/nodes/filter/Filter$FilterInfo.class
   JD: libs/jsvg.jar/com/github/weisj/jsvg/nodes/filter/Filter.class
   JD: libs/jsvg.jar/com/github/weisj/jsvg/nodes/filter/FilterLayoutContext.class
   JD: libs/jsvg.jar/com/github/weisj/jsvg/nodes/filter/FilterPrimitiveBase.class
   JD: libs/jsvg.jar/com/github/weisj/jsvg/nodes/filter/ImageProducerChannel.class
   JD: libs/jsvg.jar/com/github/weisj/jsvg/nodes/filter/TransferFunctionElement.class
   JD: libs/jsvg.jar/com/github/weisj/jsvg/nodes/mesh/MeshGradient.class
   JD: libs/jsvg.jar/com/github/weisj/jsvg/nodes/mesh/MeshPatch.class
   JD: libs/jsvg.jar/com/github/weisj/jsvg/nodes/prototype/HasContext$ByDelegate.class
   JD: libs/jsvg.jar/com/github/weisj/jsvg/nodes/prototype/HasFontRenderContext.class
   JD: libs/jsvg.jar/com/github/weisj/jsvg/nodes/prototype/HasPaintContext.class
   JD: libs/jsvg.jar/com/github/weisj/jsvg/nodes/prototype/HasShape.class
   JD: libs/jsvg.jar/com/github/weisj/jsvg/nodes/prototype/Instantiator.class
   JD: libs/jsvg.jar/com/github/weisj/jsvg/nodes/prototype/Renderable.class
   JD: libs/jsvg.jar/com/github/weisj/jsvg/nodes/prototype/ShapedContainer.class
   JD: libs/jsvg.jar/com/github/weisj/jsvg/nodes/prototype/Transformable.class
   JD: libs/jsvg.jar/com/github/weisj/jsvg/nodes/prototype/impl/HasContextImpl.class
   JD: libs/jsvg.jar/com/github/weisj/jsvg/nodes/prototype/impl/HasGeometryContextImpl.class
   JD: libs/jsvg.jar/com/github/weisj/jsvg/nodes/text/AbstractGlyphRun$PaintableEmoji.class
   JD: libs/jsvg.jar/com/github/weisj/jsvg/nodes/text/GlyphCursor.class
   JD: libs/jsvg.jar/com/github/weisj/jsvg/nodes/text/GlyphRenderer$1.class
   JD: libs/jsvg.jar/com/github/weisj/jsvg/nodes/text/GlyphRenderer.class
   JD: libs/jsvg.jar/com/github/weisj/jsvg/nodes/text/GlyphRunTextOutput.class
   JD: libs/jsvg.jar/com/github/weisj/jsvg/nodes/text/LinearTextContainer.class
   JD: libs/jsvg.jar/com/github/weisj/jsvg/nodes/text/NullTextOutput.class
   JD: libs/jsvg.jar/com/github/weisj/jsvg/nodes/text/PathGlyphCursor.class
   JD: libs/jsvg.jar/com/github/weisj/jsvg/nodes/text/Text.class
   JD: libs/jsvg.jar/com/github/weisj/jsvg/nodes/text/TextContainer$1.class
   JD: libs/jsvg.jar/com/github/weisj/jsvg/nodes/text/TextContainer$IntermediateTextMetrics.class
   JD: libs/jsvg.jar/com/github/weisj/jsvg/nodes/text/TextContainer.class
   JD: libs/jsvg.jar/com/github/weisj/jsvg/nodes/text/TextOutput.class.removed
   JD: libs/jsvg.jar/com/github/weisj/jsvg/nodes/text/TextPath.class
   JD: libs/jsvg.jar/com/github/weisj/jsvg/nodes/text/TextSegment$RenderableSegment$UseTextLengthForCalculation.class
   JD: libs/jsvg.jar/com/github/weisj/jsvg/nodes/text/TextSegment$RenderableSegment.class
   JD: libs/jsvg.jar/com/github/weisj/jsvg/nodes/text/TextSegment.class
   JD: libs/jsvg.jar/com/github/weisj/jsvg/nodes/text/TextSpan.class
   JD: libs/jsvg.jar/com/github/weisj/jsvg/paint/
   JD: libs/jsvg.jar/com/github/weisj/jsvg/paint/SVGPaint.class
   JD: libs/jsvg.jar/com/github/weisj/jsvg/paint/SimplePaintSVGPaint.class
   JD: libs/jsvg.jar/com/github/weisj/jsvg/paint/impl/
   JD: libs/jsvg.jar/com/github/weisj/jsvg/paint/impl/AwtSVGPaint.class
   JD: libs/jsvg.jar/com/github/weisj/jsvg/paint/impl/DefaultPaintParser$ColorLookup$Cache.class
   JD: libs/jsvg.jar/com/github/weisj/jsvg/paint/impl/DefaultPaintParser$ColorLookup.class
   JD: libs/jsvg.jar/com/github/weisj/jsvg/paint/impl/DefaultPaintParser.class
   JD: libs/jsvg.jar/com/github/weisj/jsvg/paint/impl/MaskedPaint$MaskPaintContext.class
   JD: libs/jsvg.jar/com/github/weisj/jsvg/paint/impl/MaskedPaint.class
   JD: libs/jsvg.jar/com/github/weisj/jsvg/paint/impl/NonePaint.class
   JD: libs/jsvg.jar/com/github/weisj/jsvg/paint/impl/PredefinedPaints.class
   JD: libs/jsvg.jar/com/github/weisj/jsvg/paint/impl/RGBColor.class
   JD: libs/jsvg.jar/com/github/weisj/jsvg/paint/impl/SentinelPaint.class
   JD: libs/jsvg.jar/com/github/weisj/jsvg/paint/impl/TransformedPaint.class
   JD: libs/jsvg.jar/com/github/weisj/jsvg/paint/impl/jdk/
   JD: libs/jsvg.jar/com/github/weisj/jsvg/paint/impl/jdk/SVGMultipleGradientPaint.class
   JD: libs/jsvg.jar/com/github/weisj/jsvg/paint/impl/jdk/SVGMultipleGradientPaintContext.class
   JD: libs/jsvg.jar/com/github/weisj/jsvg/paint/impl/jdk/SVGRadialGradientPaint.class
   JD: libs/jsvg.jar/com/github/weisj/jsvg/paint/impl/jdk/SVGRadialGradientPaintContext.class
   JD: libs/jsvg.jar/com/github/weisj/jsvg/parser/AsynchronousResourceLoader.class.removed
   JD: libs/jsvg.jar/com/github/weisj/jsvg/parser/AttributeNode$ElementRelation.class.removed
   JD: libs/jsvg.jar/com/github/weisj/jsvg/parser/AttributeNode.class.removed
   JD: libs/jsvg.jar/com/github/weisj/jsvg/parser/CharacterDataParser$State.class.removed
   JD: libs/jsvg.jar/com/github/weisj/jsvg/parser/CharacterDataParser.class.removed
   JD: libs/jsvg.jar/com/github/weisj/jsvg/parser/DefaultElementLoader$1.class.removed
   JD: libs/jsvg.jar/com/github/weisj/jsvg/parser/DefaultElementLoader$AllowExternalResources.class.removed
   JD: libs/jsvg.jar/com/github/weisj/jsvg/parser/DefaultElementLoader$DefaultDocumentLoader.class.removed
   JD: libs/jsvg.jar/com/github/weisj/jsvg/parser/DefaultElementLoader$DocumentLoader.class.removed
   JD: libs/jsvg.jar/com/github/weisj/jsvg/parser/DefaultElementLoader.class.removed
   JD: libs/jsvg.jar/com/github/weisj/jsvg/parser/DefaultParserProvider.class.removed
   JD: libs/jsvg.jar/com/github/weisj/jsvg/parser/DefaultResourcePolicy.class.removed
   JD: libs/jsvg.jar/com/github/weisj/jsvg/parser/DocumentLimits.class
   JD: libs/jsvg.jar/com/github/weisj/jsvg/parser/DomDocument.class
   JD: libs/jsvg.jar/com/github/weisj/jsvg/parser/DomElement.class
   JD: libs/jsvg.jar/com/github/weisj/jsvg/parser/DomProcessor.class
   JD: libs/jsvg.jar/com/github/weisj/jsvg/parser/ElementLoader.class
   JD: libs/jsvg.jar/com/github/weisj/jsvg/parser/ExternalDocumentLoader$1.class.removed
   JD: libs/jsvg.jar/com/github/weisj/jsvg/parser/ExternalDocumentLoader$CachedDocument.class.removed
   JD: libs/jsvg.jar/com/github/weisj/jsvg/parser/ExternalDocumentLoader.class.removed
   JD: libs/jsvg.jar/com/github/weisj/jsvg/parser/LoadHelper.class.removed
   JD: libs/jsvg.jar/com/github/weisj/jsvg/parser/LoaderContext$Builder.class
   JD: libs/jsvg.jar/com/github/weisj/jsvg/parser/LoaderContext.class
   JD: libs/jsvg.jar/com/github/weisj/jsvg/parser/MutableLoaderContext.class.removed
   JD: libs/jsvg.jar/com/github/weisj/jsvg/parser/NodeSupplier.class.removed
   JD: libs/jsvg.jar/com/github/weisj/jsvg/parser/PaintParser.class
   JD: libs/jsvg.jar/com/github/weisj/jsvg/parser/ParsedDocument.class.removed
   JD: libs/jsvg.jar/com/github/weisj/jsvg/parser/ParsedElement$BuildStatus.class.removed
   JD: libs/jsvg.jar/com/github/weisj/jsvg/parser/ParsedElement.class.removed
   JD: libs/jsvg.jar/com/github/weisj/jsvg/parser/ParserProvider.class.removed
   JD: libs/jsvg.jar/com/github/weisj/jsvg/parser/ResourceLoader.class.removed
   JD: libs/jsvg.jar/com/github/weisj/jsvg/parser/ResourcePolicy.class.removed
   JD: libs/jsvg.jar/com/github/weisj/jsvg/parser/SVGDocumentBuilder.class.removed
   JD: libs/jsvg.jar/com/github/weisj/jsvg/parser/SVGLoader.class
   JD: libs/jsvg.jar/com/github/weisj/jsvg/parser/SeparatorMode.class.removed
   JD: libs/jsvg.jar/com/github/weisj/jsvg/parser/StaxSVGLoader$MakeLowerCase.class.removed
   JD: libs/jsvg.jar/com/github/weisj/jsvg/parser/StaxSVGLoader.class.removed
   JD: libs/jsvg.jar/com/github/weisj/jsvg/parser/SwingUIFuture$1.class.removed
   JD: libs/jsvg.jar/com/github/weisj/jsvg/parser/SwingUIFuture.class.removed
   JD: libs/jsvg.jar/com/github/weisj/jsvg/parser/SynchronousResourceLoader.class.removed
   JD: libs/jsvg.jar/com/github/weisj/jsvg/parser/UIFuture.class.removed
   JD: libs/jsvg.jar/com/github/weisj/jsvg/parser/ValueUIFuture.class.removed
   JD: libs/jsvg.jar/com/github/weisj/jsvg/parser/XMLInput.class
   JD: libs/jsvg.jar/com/github/weisj/jsvg/parser/css/StyleSheet.class
   JD: libs/jsvg.jar/com/github/weisj/jsvg/parser/css/impl/SimpleStyleSheet.class
   JD: libs/jsvg.jar/com/github/weisj/jsvg/parser/impl/
   JD: libs/jsvg.jar/com/github/weisj/jsvg/parser/impl/AttributeNode$ElementRelation.class
   JD: libs/jsvg.jar/com/github/weisj/jsvg/parser/impl/AttributeNode.class
   JD: libs/jsvg.jar/com/github/weisj/jsvg/parser/impl/AttributeParser$1.class
   JD: libs/jsvg.jar/com/github/weisj/jsvg/parser/impl/AttributeParser.class
   JD: libs/jsvg.jar/com/github/weisj/jsvg/parser/impl/CharacterDataParser$State.class
   JD: libs/jsvg.jar/com/github/weisj/jsvg/parser/impl/CharacterDataParser.class
   JD: libs/jsvg.jar/com/github/weisj/jsvg/parser/impl/DefaultElementLoader$1.class
   JD: libs/jsvg.jar/com/github/weisj/jsvg/parser/impl/DefaultElementLoader$AllowExternalResources.class
   JD: libs/jsvg.jar/com/github/weisj/jsvg/parser/impl/DefaultElementLoader$DefaultDocumentLoader.class
   JD: libs/jsvg.jar/com/github/weisj/jsvg/parser/impl/DefaultElementLoader$DocumentLoader.class
   JD: libs/jsvg.jar/com/github/weisj/jsvg/parser/impl/DefaultElementLoader.class
   JD: libs/jsvg.jar/com/github/weisj/jsvg/parser/impl/DocumentConstructorAccessor$DocumentConstructor.class
   JD: libs/jsvg.jar/com/github/weisj/jsvg/parser/impl/DocumentConstructorAccessor.class
   JD: libs/jsvg.jar/com/github/weisj/jsvg/parser/impl/ExternalDocumentLoader$1.class
   JD: libs/jsvg.jar/com/github/weisj/jsvg/parser/impl/ExternalDocumentLoader$CachedDocument.class
   JD: libs/jsvg.jar/com/github/weisj/jsvg/parser/impl/ExternalDocumentLoader.class
   JD: libs/jsvg.jar/com/github/weisj/jsvg/parser/impl/InputStreamXMLInput.class
   JD: libs/jsvg.jar/com/github/weisj/jsvg/parser/impl/LoadHelper.class
   JD: libs/jsvg.jar/com/github/weisj/jsvg/parser/impl/MutableLoaderContext.class
   JD: libs/jsvg.jar/com/github/weisj/jsvg/parser/impl/NodeSupplier.class
   JD: libs/jsvg.jar/com/github/weisj/jsvg/parser/impl/ParsedDocument.class
   JD: libs/jsvg.jar/com/github/weisj/jsvg/parser/impl/ParsedElement$BuildStatus.class
   JD: libs/jsvg.jar/com/github/weisj/jsvg/parser/impl/ParsedElement.class
   JD: libs/jsvg.jar/com/github/weisj/jsvg/parser/impl/ParserUtil.class
   JD: libs/jsvg.jar/com/github/weisj/jsvg/parser/impl/SVGDocumentBuilder.class
   JD: libs/jsvg.jar/com/github/weisj/jsvg/parser/impl/SeparatorMode.class
   JD: libs/jsvg.jar/com/github/weisj/jsvg/parser/impl/StaxSVGLoader$MakeLowerCase.class
   JD: libs/jsvg.jar/com/github/weisj/jsvg/parser/impl/StaxSVGLoader.class
   JD: libs/jsvg.jar/com/github/weisj/jsvg/parser/impl/StreamUtil.class
   JD: libs/jsvg.jar/com/github/weisj/jsvg/parser/resources/ImageResource.class.removed
   JD: libs/jsvg.jar/com/github/weisj/jsvg/parser/resources/MissingImageResource.class.removed
   JD: libs/jsvg.jar/com/github/weisj/jsvg/parser/resources/RenderableResource.class
   JD: libs/jsvg.jar/com/github/weisj/jsvg/parser/resources/ResourceLoader.class
   JD: libs/jsvg.jar/com/github/weisj/jsvg/parser/resources/ResourcePolicy.class
   JD: libs/jsvg.jar/com/github/weisj/jsvg/parser/resources/ResourceSupplier.class
   JD: libs/jsvg.jar/com/github/weisj/jsvg/parser/resources/SVGResource.class.removed
   JD: libs/jsvg.jar/com/github/weisj/jsvg/parser/resources/impl/
   JD: libs/jsvg.jar/com/github/weisj/jsvg/parser/resources/impl/DefaultResourcePolicy.class
   JD: libs/jsvg.jar/com/github/weisj/jsvg/parser/resources/impl/ImageResource.class
   JD: libs/jsvg.jar/com/github/weisj/jsvg/parser/resources/impl/MissingImageResource.class
   JD: libs/jsvg.jar/com/github/weisj/jsvg/parser/resources/impl/SVGResource.class
   JD: libs/jsvg.jar/com/github/weisj/jsvg/parser/resources/impl/SynchronousResourceLoader.class
   JD: libs/jsvg.jar/com/github/weisj/jsvg/parser/resources/impl/ValueResourceSupplier.class
   JD: libs/jsvg.jar/com/github/weisj/jsvg/renderer/AnimationState.class.removed
   JD: libs/jsvg.jar/com/github/weisj/jsvg/renderer/ContextElementAttributes.class.removed
   JD: libs/jsvg.jar/com/github/weisj/jsvg/renderer/ElementBounds$1.class.removed
   JD: libs/jsvg.jar/com/github/weisj/jsvg/renderer/ElementBounds.class.removed
   JD: libs/jsvg.jar/com/github/weisj/jsvg/renderer/FontRenderContext.class.removed
   JD: libs/jsvg.jar/com/github/weisj/jsvg/renderer/Graphics2DOutput.class.removed
   JD: libs/jsvg.jar/com/github/weisj/jsvg/renderer/GraphicsUtil$DisposablePaint.class.removed
   JD: libs/jsvg.jar/com/github/weisj/jsvg/renderer/GraphicsUtil$WrappingPaint.class.removed
   JD: libs/jsvg.jar/com/github/weisj/jsvg/renderer/GraphicsUtil.class.removed
   JD: libs/jsvg.jar/com/github/weisj/jsvg/renderer/Info$InfoWithIsolation.class.removed
   JD: libs/jsvg.jar/com/github/weisj/jsvg/renderer/Info.class.removed
   JD: libs/jsvg.jar/com/github/weisj/jsvg/renderer/IsolationEffects.class.removed
   JD: libs/jsvg.jar/com/github/weisj/jsvg/renderer/MaskedPaint$MaskPaintContext.class.removed
   JD: libs/jsvg.jar/com/github/weisj/jsvg/renderer/MaskedPaint.class.removed
   JD: libs/jsvg.jar/com/github/weisj/jsvg/renderer/MeasureContext.class
   JD: libs/jsvg.jar/com/github/weisj/jsvg/renderer/NodeRenderer.class.removed
   JD: libs/jsvg.jar/com/github/weisj/jsvg/renderer/NullOutput.class.removed
   JD: libs/jsvg.jar/com/github/weisj/jsvg/renderer/NullPlatformSupport.class
   JD: libs/jsvg.jar/com/github/weisj/jsvg/renderer/Output$SafeState.class.removed
   JD: libs/jsvg.jar/com/github/weisj/jsvg/renderer/Output.class.removed
   JD: libs/jsvg.jar/com/github/weisj/jsvg/renderer/PaintContext.class.removed
   JD: libs/jsvg.jar/com/github/weisj/jsvg/renderer/PlatformSupport$TargetSurface.class
   JD: libs/jsvg.jar/com/github/weisj/jsvg/renderer/PlatformSupport.class
   JD: libs/jsvg.jar/com/github/weisj/jsvg/renderer/RenderContext$1.class
   JD: libs/jsvg.jar/com/github/weisj/jsvg/renderer/RenderContext$EstablishRootMeasure.class
   JD: libs/jsvg.jar/com/github/weisj/jsvg/renderer/RenderContext.class
   JD: libs/jsvg.jar/com/github/weisj/jsvg/renderer/SVGRenderingHints$1.class
   JD: libs/jsvg.jar/com/github/weisj/jsvg/renderer/SVGRenderingHints$Key.class
   JD: libs/jsvg.jar/com/github/weisj/jsvg/renderer/SVGRenderingHints$Value.class
   JD: libs/jsvg.jar/com/github/weisj/jsvg/renderer/SVGRenderingHints.class
   JD: libs/jsvg.jar/com/github/weisj/jsvg/renderer/ShapeOutput$1.class.removed
   JD: libs/jsvg.jar/com/github/weisj/jsvg/renderer/ShapeOutput$ShapeOutputSafeState.class.removed
   JD: libs/jsvg.jar/com/github/weisj/jsvg/renderer/ShapeOutput.class.removed
   JD: libs/jsvg.jar/com/github/weisj/jsvg/renderer/ShapeRenderer$1.class.removed
   JD: libs/jsvg.jar/com/github/weisj/jsvg/renderer/ShapeRenderer$PaintShape.class.removed
   JD: libs/jsvg.jar/com/github/weisj/jsvg/renderer/ShapeRenderer$PaintWithOpacity.class.removed
   JD: libs/jsvg.jar/com/github/weisj/jsvg/renderer/ShapeRenderer$ShapeMarkerInfo.class.removed
   JD: libs/jsvg.jar/com/github/weisj/jsvg/renderer/ShapeRenderer$ShapePaintContext.class.removed
   JD: libs/jsvg.jar/com/github/weisj/jsvg/renderer/ShapeRenderer.class.removed
   JD: libs/jsvg.jar/com/github/weisj/jsvg/renderer/StrokeContext.class.removed
   JD: libs/jsvg.jar/com/github/weisj/jsvg/renderer/TransformedPaint.class.removed
   JD: libs/jsvg.jar/com/github/weisj/jsvg/renderer/animation/
   JD: libs/jsvg.jar/com/github/weisj/jsvg/renderer/animation/Animation.class
   JD: libs/jsvg.jar/com/github/weisj/jsvg/renderer/animation/AnimationState.class
   JD: libs/jsvg.jar/com/github/weisj/jsvg/renderer/awt/AwtComponentPlatformSupport.class
   JD: libs/jsvg.jar/com/github/weisj/jsvg/renderer/awt/JComponentPlatformSupport.class.removed
   JD: libs/jsvg.jar/com/github/weisj/jsvg/renderer/awt/NullPlatformSupport.class.removed
   JD: libs/jsvg.jar/com/github/weisj/jsvg/renderer/awt/PlatformSupport$TargetSurface.class.removed
   JD: libs/jsvg.jar/com/github/weisj/jsvg/renderer/awt/PlatformSupport.class.removed
   JD: libs/jsvg.jar/com/github/weisj/jsvg/renderer/impl/
   JD: libs/jsvg.jar/com/github/weisj/jsvg/renderer/impl/ElementBounds$1.class
   JD: libs/jsvg.jar/com/github/weisj/jsvg/renderer/impl/ElementBounds.class
   JD: libs/jsvg.jar/com/github/weisj/jsvg/renderer/impl/Info$InfoWithIsolation.class
   JD: libs/jsvg.jar/com/github/weisj/jsvg/renderer/impl/Info.class
   JD: libs/jsvg.jar/com/github/weisj/jsvg/renderer/impl/IsolationEffects.class
   JD: libs/jsvg.jar/com/github/weisj/jsvg/renderer/impl/NodeRenderer.class
   JD: libs/jsvg.jar/com/github/weisj/jsvg/renderer/impl/PaintResolver.class
   JD: libs/jsvg.jar/com/github/weisj/jsvg/renderer/impl/ShapeRenderer$1.class
   JD: libs/jsvg.jar/com/github/weisj/jsvg/renderer/impl/ShapeRenderer$PaintShape.class
   JD: libs/jsvg.jar/com/github/weisj/jsvg/renderer/impl/ShapeRenderer$PaintWithOpacity.class
   JD: libs/jsvg.jar/com/github/weisj/jsvg/renderer/impl/ShapeRenderer$ShapeMarkerInfo.class
   JD: libs/jsvg.jar/com/github/weisj/jsvg/renderer/impl/ShapeRenderer$ShapePaintContext.class
   JD: libs/jsvg.jar/com/github/weisj/jsvg/renderer/impl/ShapeRenderer.class
   JD: libs/jsvg.jar/com/github/weisj/jsvg/renderer/impl/context/
   JD: libs/jsvg.jar/com/github/weisj/jsvg/renderer/impl/context/ContextElementAttributes.class
   JD: libs/jsvg.jar/com/github/weisj/jsvg/renderer/impl/context/FontRenderContext.class
   JD: libs/jsvg.jar/com/github/weisj/jsvg/renderer/impl/context/PaintContext.class
   JD: libs/jsvg.jar/com/github/weisj/jsvg/renderer/impl/context/RenderContextAccessor$Accessor.class
   JD: libs/jsvg.jar/com/github/weisj/jsvg/renderer/impl/context/RenderContextAccessor.class
   JD: libs/jsvg.jar/com/github/weisj/jsvg/renderer/impl/context/StrokeContext.class
   JD: libs/jsvg.jar/com/github/weisj/jsvg/renderer/jdk.removed
   JD: libs/jsvg.jar/com/github/weisj/jsvg/renderer/jdk/SVGMultipleGradientPaint.class.removed
   JD: libs/jsvg.jar/com/github/weisj/jsvg/renderer/jdk/SVGMultipleGradientPaintContext.class.removed
   JD: libs/jsvg.jar/com/github/weisj/jsvg/renderer/jdk/SVGRadialGradientPaint.class.removed
   JD: libs/jsvg.jar/com/github/weisj/jsvg/renderer/jdk/SVGRadialGradientPaintContext.class.removed
   JD: libs/jsvg.jar/com/github/weisj/jsvg/renderer/output/
   JD: libs/jsvg.jar/com/github/weisj/jsvg/renderer/output/Output$SafeState.class
   JD: libs/jsvg.jar/com/github/weisj/jsvg/renderer/output/Output.class
   JD: libs/jsvg.jar/com/github/weisj/jsvg/renderer/output/TextOutput.class
   JD: libs/jsvg.jar/com/github/weisj/jsvg/renderer/output/impl/
   JD: libs/jsvg.jar/com/github/weisj/jsvg/renderer/output/impl/Graphics2DOutput.class
   JD: libs/jsvg.jar/com/github/weisj/jsvg/renderer/output/impl/GraphicsResetHelper.class
   JD: libs/jsvg.jar/com/github/weisj/jsvg/renderer/output/impl/GraphicsUtil$DisposablePaint.class
   JD: libs/jsvg.jar/com/github/weisj/jsvg/renderer/output/impl/GraphicsUtil$WrappingPaint.class
   JD: libs/jsvg.jar/com/github/weisj/jsvg/renderer/output/impl/GraphicsUtil.class
   JD: libs/jsvg.jar/com/github/weisj/jsvg/renderer/output/impl/NullOutput.class
   JD: libs/jsvg.jar/com/github/weisj/jsvg/renderer/output/impl/RenderingHintsUtil.class
   JD: libs/jsvg.jar/com/github/weisj/jsvg/renderer/output/impl/ShapeOutput$1.class
   JD: libs/jsvg.jar/com/github/weisj/jsvg/renderer/output/impl/ShapeOutput$ShapeOutputSafeState.class
   JD: libs/jsvg.jar/com/github/weisj/jsvg/renderer/output/impl/ShapeOutput.class
   JD: libs/jsvg.jar/com/github/weisj/jsvg/ui/AnimationPlayer.class
   JD: libs/jsvg.jar/com/github/weisj/jsvg/util/AttributeUtil.class
   JD: libs/jsvg.jar/com/github/weisj/jsvg/util/BlittableImage.class
   JD: libs/jsvg.jar/com/github/weisj/jsvg/util/CachedSurfaceSupplier.class
   JD: libs/jsvg.jar/com/github/weisj/jsvg/util/ConstantProvider.class.removed
   JD: libs/jsvg.jar/com/github/weisj/jsvg/util/GraphicsResetHelper.class.removed
   JD: libs/jsvg.jar/com/github/weisj/jsvg/util/ImageUtil.class
   JD: libs/jsvg.jar/com/github/weisj/jsvg/util/LazyProvider.class.removed
   JD: libs/jsvg.jar/com/github/weisj/jsvg/util/PathUtil.class
   JD: libs/jsvg.jar/com/github/weisj/jsvg/util/Provider.class.removed
   JD: libs/jsvg.jar/com/github/weisj/jsvg/util/ResourceUtil.class
   JD: libs/jsvg.jar/com/github/weisj/jsvg/util/supplier/
   JD: libs/jsvg.jar/com/github/weisj/jsvg/util/supplier/ConstantSupplier.class
   JD: libs/jsvg.jar/com/github/weisj/jsvg/util/supplier/LazySupplier.class
   JD: libs/jsvg.jar/com/github/weisj/jsvg/view/
   JD: libs/jsvg.jar/com/github/weisj/jsvg/view/FloatSize.class
   JD: libs/jsvg.jar/com/github/weisj/jsvg/view/ViewBox.class
   JD: libs/jsvg.jar/module-info.class
   libs/JDHttp.jar
   libs/jsvg.jar
