Tue Apr 29 23:10:09 CEST 2025
Package: updatePackage
   JD: JDownloader.jar/cfg/synthetica-license.key
   JD: JDownloader.jar/classpath
   JD: JDownloader.jar/org/appwork/JNAHelper.class
   JD: JDownloader.jar/org/appwork/app/gui/copycutpaste/CopyAction.class
   JD: JDownloader.jar/org/appwork/app/gui/copycutpaste/CutAction.class
   JD: JDownloader.jar/org/appwork/app/gui/copycutpaste/CutCopyPasteIcon.class
   JD: JDownloader.jar/org/appwork/app/gui/copycutpaste/DeleteAction.class
   JD: JDownloader.jar/org/appwork/app/gui/copycutpaste/PasteAction.class
   JD: JDownloader.jar/org/appwork/app/gui/copycutpaste/SelectAction.class
   JD: JDownloader.jar/org/appwork/builddecision/
   JD: JDownloader.jar/org/appwork/builddecision/BuildDecisionData$Option.class
   JD: JDownloader.jar/org/appwork/builddecision/BuildDecisionData.class
   JD: JDownloader.jar/org/appwork/builddecision/BuildDecisionRequired.class
   JD: JDownloader.jar/org/appwork/builddecision/BuildDecisions$1.class
   JD: JDownloader.jar/org/appwork/builddecision/BuildDecisions$BuildDecisionInfo.class
   JD: JDownloader.jar/org/appwork/builddecision/BuildDecisions.class
   JD: JDownloader.jar/org/appwork/console/AbstractConsole.class
   JD: JDownloader.jar/org/appwork/console/ConsoleDialog.class
   JD: JDownloader.jar/org/appwork/console/ConsoleWrapper.class
   JD: JDownloader.jar/org/appwork/console/IDEConsole$1.class
   JD: JDownloader.jar/org/appwork/console/IDEConsole$LineReader.class
   JD: JDownloader.jar/org/appwork/console/IDEConsole.class
   JD: JDownloader.jar/org/appwork/controlling/StateMachine$1.class
   JD: JDownloader.jar/org/appwork/controlling/StateMachine.class
   JD: JDownloader.jar/org/appwork/exceptions/NotSupportedException.class
   JD: JDownloader.jar/org/appwork/exceptions/WTFException.class
   JD: JDownloader.jar/org/appwork/jna/
   JD: JDownloader.jar/org/appwork/jna/processes/
   JD: JDownloader.jar/org/appwork/jna/processes/CTRLSender.class
   JD: JDownloader.jar/org/appwork/jna/tests/
   JD: JDownloader.jar/org/appwork/jna/tests/EthernetTest.class
   JD: JDownloader.jar/org/appwork/jna/windows/
   JD: JDownloader.jar/org/appwork/jna/windows/HANDLER_ROUTINE.class
   JD: JDownloader.jar/org/appwork/jna/windows/Iphlpapi.class
   JD: JDownloader.jar/org/appwork/jna/windows/Kernel32Ext.class
   JD: JDownloader.jar/org/appwork/jna/windows/MIB_TCPROW2.class
   JD: JDownloader.jar/org/appwork/jna/windows/MIB_TCPTABLE2.class
   JD: JDownloader.jar/org/appwork/jna/windows/WLANApi.class
   JD: JDownloader.jar/org/appwork/jna/windows/txf/
   JD: JDownloader.jar/org/appwork/jna/windows/txf/Ktmw32.class
   JD: JDownloader.jar/org/appwork/jna/windows/txf/NtDll.class
   JD: JDownloader.jar/org/appwork/jna/windows/wmi/
   JD: JDownloader.jar/org/appwork/jna/windows/wmi/ExtIWbemClassObject.class
   JD: JDownloader.jar/org/appwork/jna/windows/wmi/JNAWMIUtils$1.class
   JD: JDownloader.jar/org/appwork/jna/windows/wmi/JNAWMIUtils$2.class
   JD: JDownloader.jar/org/appwork/jna/windows/wmi/JNAWMIUtils$3.class
   JD: JDownloader.jar/org/appwork/jna/windows/wmi/JNAWMIUtils.class
   JD: JDownloader.jar/org/appwork/jna/windows/wmi/WMIConnector$1.class
   JD: JDownloader.jar/org/appwork/jna/windows/wmi/WMIConnector$2.class
   JD: JDownloader.jar/org/appwork/jna/windows/wmi/WMIConnector$3.class
   JD: JDownloader.jar/org/appwork/jna/windows/wmi/WMIConnector.class
   JD: JDownloader.jar/org/appwork/jna/windows/wmi/WMIException.class
   JD: JDownloader.jar/org/appwork/jna/windows/wmi/WMIQueryFailedException.class
   JD: JDownloader.jar/org/appwork/jna/windows/wmi/tests/
   JD: JDownloader.jar/org/appwork/jna/windows/wmi/tests/WMITests.class
   JD: JDownloader.jar/org/appwork/loggingv3/LogV3$1.class
   JD: JDownloader.jar/org/appwork/loggingv3/LogV3$2.class
   JD: JDownloader.jar/org/appwork/loggingv3/LogV3$3.class
   JD: JDownloader.jar/org/appwork/loggingv3/LogV3.class
   JD: JDownloader.jar/org/appwork/loggingv3/simple/sink/LogToFileSink.class
   JD: JDownloader.jar/org/appwork/loggingv3/tests/ZLibBug2022Test.class
   JD: JDownloader.jar/org/appwork/net/protocol/http/HTTPConstants.class
   JD: JDownloader.jar/org/appwork/remoteapi/RemoteAPI.class
   JD: JDownloader.jar/org/appwork/remoteapi/RemoteAPIResponse.class
   JD: JDownloader.jar/org/appwork/resources/AWIcon.class
   JD: JDownloader.jar/org/appwork/resources/DefaultIconFactory.class
   JD: JDownloader.jar/org/appwork/resources/HighDPIIcon.class
   JD: JDownloader.jar/org/appwork/resources/IconFactory.class
   JD: JDownloader.jar/org/appwork/resources/IconRefImpl.class
   JD: JDownloader.jar/org/appwork/resources/MultiResolutionImageHelper$1.class
   JD: JDownloader.jar/org/appwork/resources/MultiResolutionImageHelper.class
   JD: JDownloader.jar/org/appwork/resources/SourceImageTooSmallException.class
   JD: JDownloader.jar/org/appwork/resources/Theme$1.class
   JD: JDownloader.jar/org/appwork/resources/Theme$ImageMatch.class
   JD: JDownloader.jar/org/appwork/resources/Theme$MinTimeWeakRefNamed.class
   JD: JDownloader.jar/org/appwork/resources/Theme.class
   JD: JDownloader.jar/org/appwork/resources/ThemeContext$Target.class
   JD: JDownloader.jar/org/appwork/resources/ThemeContext.class
   JD: JDownloader.jar/org/appwork/resources/ide/AWIconCleanUP$1.class
   JD: JDownloader.jar/org/appwork/resources/ide/AWIconCleanUP$2.class
   JD: JDownloader.jar/org/appwork/resources/ide/AWIconCleanUP.class
   JD: JDownloader.jar/org/appwork/serializer/
   JD: JDownloader.jar/org/appwork/serializer/Deser.class
   JD: JDownloader.jar/org/appwork/serializer/SC.class
   JD: JDownloader.jar/org/appwork/shutdown/ShutdownController$1.class
   JD: JDownloader.jar/org/appwork/shutdown/ShutdownController$2.class
   JD: JDownloader.jar/org/appwork/shutdown/ShutdownController$3.class
   JD: JDownloader.jar/org/appwork/shutdown/ShutdownController$4.class
   JD: JDownloader.jar/org/appwork/shutdown/ShutdownController$ShutdownEventWrapper.class
   JD: JDownloader.jar/org/appwork/shutdown/ShutdownController.class
   JD: JDownloader.jar/org/appwork/storage/commonInterface/
   JD: JDownloader.jar/org/appwork/storage/commonInterface/AbstractSerializer.class
   JD: JDownloader.jar/org/appwork/storage/commonInterface/SerializerException.class
   JD: JDownloader.jar/org/appwork/storage/commonInterface/SerializerInterface.class
   JD: JDownloader.jar/org/appwork/storage/config/MinTimeWeakReference$1.class
   JD: JDownloader.jar/org/appwork/storage/config/MinTimeWeakReference$2.class
   JD: JDownloader.jar/org/appwork/storage/config/MinTimeWeakReference$3.class
   JD: JDownloader.jar/org/appwork/storage/config/MinTimeWeakReference$4.class.removed
   JD: JDownloader.jar/org/appwork/storage/config/MinTimeWeakReference.class
   JD: JDownloader.jar/org/appwork/storage/config/annotations/IntegerInterface$1.class
   JD: JDownloader.jar/org/appwork/storage/config/annotations/IntegerInterface$2.class
   JD: JDownloader.jar/org/appwork/storage/config/annotations/MultiLineString.class
   JD: JDownloader.jar/org/appwork/storage/config/handler/EnumListHandler.class
   JD: JDownloader.jar/org/appwork/storage/config/handler/EnumSetKeyHandler.class
   JD: JDownloader.jar/org/appwork/storage/config/handler/KeyHandler$1.class
   JD: JDownloader.jar/org/appwork/storage/config/handler/KeyHandler$2.class
   JD: JDownloader.jar/org/appwork/storage/config/handler/KeyHandler$AbstractTypeDefinition.class
   JD: JDownloader.jar/org/appwork/storage/config/handler/KeyHandler.class
   JD: JDownloader.jar/org/appwork/storage/config/handler/StorageHandler$1.class
   JD: JDownloader.jar/org/appwork/storage/config/handler/StorageHandler$2.class
   JD: JDownloader.jar/org/appwork/storage/config/handler/StorageHandler$3.class
   JD: JDownloader.jar/org/appwork/storage/config/handler/StorageHandler$4.class
   JD: JDownloader.jar/org/appwork/storage/config/handler/StorageHandler.class
   JD: JDownloader.jar/org/appwork/storage/config/handler/StringKeyHandler.class
   JD: JDownloader.jar/org/appwork/storage/config/swing/models/ConfigByteSpinnerModel.class
   JD: JDownloader.jar/org/appwork/storage/config/swing/models/ConfigIntSpinnerModel$1.class
   JD: JDownloader.jar/org/appwork/storage/config/swing/models/ConfigIntSpinnerModel$2.class
   JD: JDownloader.jar/org/appwork/storage/config/swing/models/ConfigIntSpinnerModel$3.class
   JD: JDownloader.jar/org/appwork/storage/config/swing/models/ConfigIntSpinnerModel$4.class
   JD: JDownloader.jar/org/appwork/storage/config/swing/models/ConfigIntSpinnerModel.class
   JD: JDownloader.jar/org/appwork/storage/config/swing/models/ConfigLongSpinnerModel.class
   JD: JDownloader.jar/org/appwork/storage/simplejson/JSonParser$1.class
   JD: JDownloader.jar/org/appwork/storage/simplejson/JSonParser$NumberFormat.class
   JD: JDownloader.jar/org/appwork/storage/simplejson/JSonParser$Token.class
   JD: JDownloader.jar/org/appwork/storage/simplejson/JSonParser.class
   JD: JDownloader.jar/org/appwork/storage/simplejson/mapper/ClassCache.class
   JD: JDownloader.jar/org/appwork/sunwrapper/sun/awt/shell/ShellFolderWrapper$ShellFolderSource.class
   JD: JDownloader.jar/org/appwork/sunwrapper/sun/awt/shell/ShellFolderWrapper.class
   JD: JDownloader.jar/org/appwork/swing/AutoScroller$1.class.removed
   JD: JDownloader.jar/org/appwork/swing/AutoScroller.class.removed
   JD: JDownloader.jar/org/appwork/swing/ExtScreen.class.removed
   JD: JDownloader.jar/org/appwork/swing/RelayoutOnScreenScaleUpdate.class
   JD: JDownloader.jar/org/appwork/swing/components/CheckBoxIcon$1.class.removed
   JD: JDownloader.jar/org/appwork/swing/components/CheckBoxIcon.class
   JD: JDownloader.jar/org/appwork/swing/components/ExtButton$1.class
   JD: JDownloader.jar/org/appwork/swing/components/ExtButton$2.class
   JD: JDownloader.jar/org/appwork/swing/components/ExtButton.class
   JD: JDownloader.jar/org/appwork/swing/components/ExtCheckBox.class
   JD: JDownloader.jar/org/appwork/swing/components/ExtJToggleButton$1.class
   JD: JDownloader.jar/org/appwork/swing/components/ExtJToggleButton$2.class
   JD: JDownloader.jar/org/appwork/swing/components/ExtJToggleButton.class
   JD: JDownloader.jar/org/appwork/swing/components/ExtMergedIcon$1.class
   JD: JDownloader.jar/org/appwork/swing/components/ExtMergedIcon$Entry.class
   JD: JDownloader.jar/org/appwork/swing/components/ExtMergedIcon.class
   JD: JDownloader.jar/org/appwork/swing/components/ExtPasswordField$2.class
   JD: JDownloader.jar/org/appwork/swing/components/ExtPasswordField$CustomPasswordField.class
   JD: JDownloader.jar/org/appwork/swing/components/ExtPasswordField$CustomTextField.class
   JD: JDownloader.jar/org/appwork/swing/components/ExtPasswordField.class
   JD: JDownloader.jar/org/appwork/swing/components/ExtTextArea.class
   JD: JDownloader.jar/org/appwork/swing/components/ExtTextField.class
   JD: JDownloader.jar/org/appwork/swing/components/ExtTextPane.class
   JD: JDownloader.jar/org/appwork/swing/components/HeadlessCheckboxIconRef.class
   JD: JDownloader.jar/org/appwork/swing/components/IconIdentifier.class
   JD: JDownloader.jar/org/appwork/swing/components/JScrollMenu.class
   JD: JDownloader.jar/org/appwork/swing/components/JScrollPopupMenu$2.class
   JD: JDownloader.jar/org/appwork/swing/components/JScrollPopupMenu$ScrollPopupMenuLayout.class
   JD: JDownloader.jar/org/appwork/swing/components/JScrollPopupMenu.class
   JD: JDownloader.jar/org/appwork/swing/components/RadioBoxIcon$1.class
   JD: JDownloader.jar/org/appwork/swing/components/RadioBoxIcon.class
   JD: JDownloader.jar/org/appwork/swing/components/RecordingGraphics2D.class
   JD: JDownloader.jar/org/appwork/swing/components/SizeSpinner$1.class
   JD: JDownloader.jar/org/appwork/swing/components/SizeSpinner$2.class
   JD: JDownloader.jar/org/appwork/swing/components/SizeSpinner.class
   JD: JDownloader.jar/org/appwork/swing/components/circlebar/BasicCircleProgressBarUI.class
   JD: JDownloader.jar/org/appwork/swing/components/circlebar/CircledProgressBar$2.class
   JD: JDownloader.jar/org/appwork/swing/components/circlebar/CircledProgressBar.class
   JD: JDownloader.jar/org/appwork/swing/components/circlebar/ImagePainter.class
   JD: JDownloader.jar/org/appwork/swing/components/circlebar/ide/CircledProgressBarExample$1$1$1$1.class
   JD: JDownloader.jar/org/appwork/swing/components/circlebar/ide/CircledProgressBarExample$1$1$1.class
   JD: JDownloader.jar/org/appwork/swing/components/circlebar/ide/CircledProgressBarExample$1$1$2.class
   JD: JDownloader.jar/org/appwork/swing/components/circlebar/ide/CircledProgressBarExample$1$1$3.class
   JD: JDownloader.jar/org/appwork/swing/components/circlebar/ide/CircledProgressBarExample$1$1$4$1.class
   JD: JDownloader.jar/org/appwork/swing/components/circlebar/ide/CircledProgressBarExample$1$1$4.class
   JD: JDownloader.jar/org/appwork/swing/components/circlebar/ide/CircledProgressBarExample$1$1.class
   JD: JDownloader.jar/org/appwork/swing/components/circlebar/ide/CircledProgressBarExample$1.class
   JD: JDownloader.jar/org/appwork/swing/components/circlebar/ide/CircledProgressBarExample.class
   JD: JDownloader.jar/org/appwork/swing/components/ide/ExtPasswordFieldExample$1.class
   JD: JDownloader.jar/org/appwork/swing/components/ide/ExtPasswordFieldExample.class
   JD: JDownloader.jar/org/appwork/swing/components/pathchooser/PathChooser$1.class
   JD: JDownloader.jar/org/appwork/swing/components/pathchooser/PathChooser$2$1.class
   JD: JDownloader.jar/org/appwork/swing/components/pathchooser/PathChooser$2.class
   JD: JDownloader.jar/org/appwork/swing/components/pathchooser/PathChooser$3.class
   JD: JDownloader.jar/org/appwork/swing/components/pathchooser/PathChooser$BrowseAction.class
   JD: JDownloader.jar/org/appwork/swing/components/pathchooser/PathChooser.class
   JD: JDownloader.jar/org/appwork/swing/components/searchcombo/SearchComboBox$1.class
   JD: JDownloader.jar/org/appwork/swing/components/searchcombo/SearchComboBox$2.class
   JD: JDownloader.jar/org/appwork/swing/components/searchcombo/SearchComboBox$3.class
   JD: JDownloader.jar/org/appwork/swing/components/searchcombo/SearchComboBox$4.class
   JD: JDownloader.jar/org/appwork/swing/components/searchcombo/SearchComboBox$Editor$1.class
   JD: JDownloader.jar/org/appwork/swing/components/searchcombo/SearchComboBox$Editor$2.class
   JD: JDownloader.jar/org/appwork/swing/components/searchcombo/SearchComboBox$Editor$3$1.class
   JD: JDownloader.jar/org/appwork/swing/components/searchcombo/SearchComboBox$Editor$3.class
   JD: JDownloader.jar/org/appwork/swing/components/searchcombo/SearchComboBox$Editor$4$1.class
   JD: JDownloader.jar/org/appwork/swing/components/searchcombo/SearchComboBox$Editor$4.class
   JD: JDownloader.jar/org/appwork/swing/components/searchcombo/SearchComboBox$Editor.class
   JD: JDownloader.jar/org/appwork/swing/components/searchcombo/SearchComboBox.class
   JD: JDownloader.jar/org/appwork/swing/components/tooltips/BasicExtTooltip.class
   JD: JDownloader.jar/org/appwork/swing/components/tooltips/BasicTooltipFactory.class
   JD: JDownloader.jar/org/appwork/swing/components/tooltips/ExtTooltip.class
   JD: JDownloader.jar/org/appwork/swing/components/tooltips/IconLabelToolTip.class
   JD: JDownloader.jar/org/appwork/swing/components/tooltips/MultiLineLabelTooltip$LabelInfo.class
   JD: JDownloader.jar/org/appwork/swing/components/tooltips/MultiLineLabelTooltip.class
   JD: JDownloader.jar/org/appwork/swing/components/tooltips/ToolTipController$1.class
   JD: JDownloader.jar/org/appwork/swing/components/tooltips/ToolTipController$2.class
   JD: JDownloader.jar/org/appwork/swing/components/tooltips/ToolTipController.class
   JD: JDownloader.jar/org/appwork/swing/components/tooltips/config.removed
   JD: JDownloader.jar/org/appwork/swing/components/tooltips/config/ExtTooltipSettings.class.removed
   JD: JDownloader.jar/org/appwork/swing/exttable/ExtCheckBoxMenuItem.class
   JD: JDownloader.jar/org/appwork/swing/exttable/ExtColumn$1$1.class
   JD: JDownloader.jar/org/appwork/swing/exttable/ExtColumn$1$2.class
   JD: JDownloader.jar/org/appwork/swing/exttable/ExtColumn$1$3.class
   JD: JDownloader.jar/org/appwork/swing/exttable/ExtColumn$1.class
   JD: JDownloader.jar/org/appwork/swing/exttable/ExtColumn$2.class
   JD: JDownloader.jar/org/appwork/swing/exttable/ExtColumn$3.class
   JD: JDownloader.jar/org/appwork/swing/exttable/ExtColumn$4.class
   JD: JDownloader.jar/org/appwork/swing/exttable/ExtColumn.class
   JD: JDownloader.jar/org/appwork/swing/exttable/ExtComponentRowHighlighter.class
   JD: JDownloader.jar/org/appwork/swing/exttable/ExtTable$1.class
   JD: JDownloader.jar/org/appwork/swing/exttable/ExtTable$10$1.class
   JD: JDownloader.jar/org/appwork/swing/exttable/ExtTable$10.class
   JD: JDownloader.jar/org/appwork/swing/exttable/ExtTable$11.class
   JD: JDownloader.jar/org/appwork/swing/exttable/ExtTable$12.class
   JD: JDownloader.jar/org/appwork/swing/exttable/ExtTable$13.class
   JD: JDownloader.jar/org/appwork/swing/exttable/ExtTable$14$1.class
   JD: JDownloader.jar/org/appwork/swing/exttable/ExtTable$14.class
   JD: JDownloader.jar/org/appwork/swing/exttable/ExtTable$15.class
   JD: JDownloader.jar/org/appwork/swing/exttable/ExtTable$16.class
   JD: JDownloader.jar/org/appwork/swing/exttable/ExtTable$2.class
   JD: JDownloader.jar/org/appwork/swing/exttable/ExtTable$3$1.class
   JD: JDownloader.jar/org/appwork/swing/exttable/ExtTable$3.class
   JD: JDownloader.jar/org/appwork/swing/exttable/ExtTable$4.class
   JD: JDownloader.jar/org/appwork/swing/exttable/ExtTable$5.class
   JD: JDownloader.jar/org/appwork/swing/exttable/ExtTable$6.class
   JD: JDownloader.jar/org/appwork/swing/exttable/ExtTable$7.class
   JD: JDownloader.jar/org/appwork/swing/exttable/ExtTable$8$1.class
   JD: JDownloader.jar/org/appwork/swing/exttable/ExtTable$8.class
   JD: JDownloader.jar/org/appwork/swing/exttable/ExtTable$9$1.class.removed
   JD: JDownloader.jar/org/appwork/swing/exttable/ExtTable$9.class
   JD: JDownloader.jar/org/appwork/swing/exttable/ExtTable.class
   JD: JDownloader.jar/org/appwork/swing/exttable/ExtTableIcon.class
   JD: JDownloader.jar/org/appwork/swing/exttable/ExtTableModel$1.class
   JD: JDownloader.jar/org/appwork/swing/exttable/ExtTableModel$2.class
   JD: JDownloader.jar/org/appwork/swing/exttable/ExtTableModel$3.class
   JD: JDownloader.jar/org/appwork/swing/exttable/ExtTableModel$5.class
   JD: JDownloader.jar/org/appwork/swing/exttable/ExtTableModel$6.class
   JD: JDownloader.jar/org/appwork/swing/exttable/ExtTableModel$7.class
   JD: JDownloader.jar/org/appwork/swing/exttable/ExtTableModel.class
   JD: JDownloader.jar/org/appwork/swing/exttable/ExtTransferable.class
   JD: JDownloader.jar/org/appwork/swing/exttable/ToolTip.class
   JD: JDownloader.jar/org/appwork/swing/exttable/columns/ExtButtonColumn.class
   JD: JDownloader.jar/org/appwork/swing/exttable/columns/ExtCheckColumn$4.class
   JD: JDownloader.jar/org/appwork/swing/exttable/columns/ExtCheckColumn.class
   JD: JDownloader.jar/org/appwork/swing/exttable/columns/ExtCircleProgressColumn.class
   JD: JDownloader.jar/org/appwork/swing/exttable/columns/ExtComboColumn$1.class
   JD: JDownloader.jar/org/appwork/swing/exttable/columns/ExtComboColumn$2.class
   JD: JDownloader.jar/org/appwork/swing/exttable/columns/ExtComboColumn$3.class
   JD: JDownloader.jar/org/appwork/swing/exttable/columns/ExtComboColumn$4.class
   JD: JDownloader.jar/org/appwork/swing/exttable/columns/ExtComboColumn$5.class
   JD: JDownloader.jar/org/appwork/swing/exttable/columns/ExtComboColumn.class
   JD: JDownloader.jar/org/appwork/swing/exttable/columns/ExtComponentColumn.class
   JD: JDownloader.jar/org/appwork/swing/exttable/columns/ExtCompoundColumn.class
   JD: JDownloader.jar/org/appwork/swing/exttable/columns/ExtEuroColumn$1.class
   JD: JDownloader.jar/org/appwork/swing/exttable/columns/ExtEuroColumn.class
   JD: JDownloader.jar/org/appwork/swing/exttable/columns/ExtFileBrowser.class
   JD: JDownloader.jar/org/appwork/swing/exttable/columns/ExtFileSizeColumn$1.class
   JD: JDownloader.jar/org/appwork/swing/exttable/columns/ExtFileSizeColumn$2.class.removed
   JD: JDownloader.jar/org/appwork/swing/exttable/columns/ExtFileSizeColumn.class
   JD: JDownloader.jar/org/appwork/swing/exttable/columns/ExtIconColumn.class
   JD: JDownloader.jar/org/appwork/swing/exttable/columns/ExtLongColumn$1.class
   JD: JDownloader.jar/org/appwork/swing/exttable/columns/ExtLongColumn.class
   JD: JDownloader.jar/org/appwork/swing/exttable/columns/ExtPasswordEditorColumn$1.class
   JD: JDownloader.jar/org/appwork/swing/exttable/columns/ExtPasswordEditorColumn.class
   JD: JDownloader.jar/org/appwork/swing/exttable/columns/ExtProgressColumn$1.class
   JD: JDownloader.jar/org/appwork/swing/exttable/columns/ExtProgressColumn$IndeterminatedRenderer.class
   JD: JDownloader.jar/org/appwork/swing/exttable/columns/ExtProgressColumn.class
   JD: JDownloader.jar/org/appwork/swing/exttable/columns/ExtSpinnerColumn$1.class
   JD: JDownloader.jar/org/appwork/swing/exttable/columns/ExtSpinnerColumn$2.class
   JD: JDownloader.jar/org/appwork/swing/exttable/columns/ExtSpinnerColumn.class
   JD: JDownloader.jar/org/appwork/swing/exttable/columns/ExtTextAreaColumn.class
   JD: JDownloader.jar/org/appwork/swing/exttable/columns/ExtTextColumn$1.class
   JD: JDownloader.jar/org/appwork/swing/exttable/columns/ExtTextColumn$2.class
   JD: JDownloader.jar/org/appwork/swing/exttable/columns/ExtTextColumn$3.class
   JD: JDownloader.jar/org/appwork/swing/exttable/columns/ExtTextColumn$4.class
   JD: JDownloader.jar/org/appwork/swing/exttable/columns/ExtTextColumn$5.class
   JD: JDownloader.jar/org/appwork/swing/exttable/columns/ExtTextColumn$6.class
   JD: JDownloader.jar/org/appwork/swing/exttable/columns/ExtTextColumn.class
   JD: JDownloader.jar/org/appwork/swing/exttable/tree/ExtTreeTableModel.class
   JD: JDownloader.jar/org/appwork/swing/synthetica/SyntheticaHelper.class
   JD: JDownloader.jar/org/appwork/swing/synthetica/SyntheticaSettings$DefaultFontRespectsSystemDPI.class.removed
   JD: JDownloader.jar/org/appwork/swing/synthetica/SyntheticaSettings.class
   JD: JDownloader.jar/org/appwork/swing/trayicon/AbstractTray$1.class
   JD: JDownloader.jar/org/appwork/swing/trayicon/AbstractTray$2.class
   JD: JDownloader.jar/org/appwork/swing/trayicon/AbstractTray$3$1.class.removed
   JD: JDownloader.jar/org/appwork/swing/trayicon/AbstractTray$3.class
   JD: JDownloader.jar/org/appwork/swing/trayicon/AbstractTray$4$1.class
   JD: JDownloader.jar/org/appwork/swing/trayicon/AbstractTray$4.class
   JD: JDownloader.jar/org/appwork/swing/trayicon/AbstractTray$5$1.class
   JD: JDownloader.jar/org/appwork/swing/trayicon/AbstractTray$5.class
   JD: JDownloader.jar/org/appwork/swing/trayicon/AbstractTray.class
   JD: JDownloader.jar/org/appwork/swing/trayicon/MenuHeader.class
   JD: JDownloader.jar/org/appwork/swing/trayicon/TrayIconExtender.class
   JD: JDownloader.jar/org/appwork/swing/trayicon/TrayIconPopup$2$1.class
   JD: JDownloader.jar/org/appwork/swing/trayicon/TrayIconPopup$2.class
   JD: JDownloader.jar/org/appwork/swing/trayicon/TrayIconPopup.class
   JD: JDownloader.jar/org/appwork/swing/trayicon/TrayIconRef.class
   JD: JDownloader.jar/org/appwork/swing/trayicon/TrayMouseAdapter$1.class
   JD: JDownloader.jar/org/appwork/swing/trayicon/TrayMouseAdapter$2$1.class
   JD: JDownloader.jar/org/appwork/swing/trayicon/TrayMouseAdapter$2.class
   JD: JDownloader.jar/org/appwork/swing/trayicon/TrayMouseAdapter.class
   JD: JDownloader.jar/org/appwork/testframework/AWTest.class
   JD: JDownloader.jar/org/appwork/testframework/AWTestValidateClassReference.class
   JD: JDownloader.jar/org/appwork/testframework/TestDependency.class
   JD: JDownloader.jar/org/appwork/txtresource/Default.class
   JD: JDownloader.jar/org/appwork/txtresource/LocaleMap.class
   JD: JDownloader.jar/org/appwork/txtresource/Translateable.class
   JD: JDownloader.jar/org/appwork/txtresource/TranslateableDummy.class
   JD: JDownloader.jar/org/appwork/txtresource/TranslationFactory$1.class
   JD: JDownloader.jar/org/appwork/txtresource/TranslationFactory.class
   JD: JDownloader.jar/org/appwork/txtresource/TranslationHandler$1.class
   JD: JDownloader.jar/org/appwork/txtresource/TranslationSource.class
   JD: JDownloader.jar/org/appwork/txtresource/TranslationUtils.class
   JD: JDownloader.jar/org/appwork/updatesys/client/DefaultFileAccessHandler$5.class
   JD: JDownloader.jar/org/appwork/updatesys/client/UpdateClient.class
   JD: JDownloader.jar/org/appwork/updatesys/transport/exchange/track/ExceptionTrackData.class
   JD: JDownloader.jar/org/appwork/utils/AppendToStacktrace.class
   JD: JDownloader.jar/org/appwork/utils/Application$1.class
   JD: JDownloader.jar/org/appwork/utils/Application$PauseableOutputStream.class
   JD: JDownloader.jar/org/appwork/utils/Application.class
   JD: JDownloader.jar/org/appwork/utils/AutoCloseInputStream.class
   JD: JDownloader.jar/org/appwork/utils/CharSequenceUtils.class
   JD: JDownloader.jar/org/appwork/utils/ClassPathScanner$1.class
   JD: JDownloader.jar/org/appwork/utils/ClassPathScanner.class
   JD: JDownloader.jar/org/appwork/utils/ColorUtils.class
   JD: JDownloader.jar/org/appwork/utils/CompareUtils$Couple.class
   JD: JDownloader.jar/org/appwork/utils/CompareUtils.class
   JD: JDownloader.jar/org/appwork/utils/Exceptions$1.class
   JD: JDownloader.jar/org/appwork/utils/Exceptions.class
   JD: JDownloader.jar/org/appwork/utils/Files.class
   JD: JDownloader.jar/org/appwork/utils/Hash.class
   JD: JDownloader.jar/org/appwork/utils/IO$1.class
   JD: JDownloader.jar/org/appwork/utils/IO$2.class
   JD: JDownloader.jar/org/appwork/utils/IO$3.class
   JD: JDownloader.jar/org/appwork/utils/IO$4.class
   JD: JDownloader.jar/org/appwork/utils/IO$5.class
   JD: JDownloader.jar/org/appwork/utils/IO$6.class
   JD: JDownloader.jar/org/appwork/utils/IO$BOM$BOMInputStream.class
   JD: JDownloader.jar/org/appwork/utils/IO$BOM.class
   JD: JDownloader.jar/org/appwork/utils/IO$SYNC.class
   JD: JDownloader.jar/org/appwork/utils/IO.class
   JD: JDownloader.jar/org/appwork/utils/ImageProvider/ImageProvider.class
   JD: JDownloader.jar/org/appwork/utils/JVMVersion.class
   JD: JDownloader.jar/org/appwork/utils/JarHandlerWorkaround.class
   JD: JDownloader.jar/org/appwork/utils/JavaVersion$1.class
   JD: JDownloader.jar/org/appwork/utils/JavaVersion$2.class
   JD: JDownloader.jar/org/appwork/utils/JavaVersion.class
   JD: JDownloader.jar/org/appwork/utils/JavaVersionInterface.class
   JD: JDownloader.jar/org/appwork/utils/Joiner.class
   JD: JDownloader.jar/org/appwork/utils/ModifyLock.class
   JD: JDownloader.jar/org/appwork/utils/ReflectionUtils$2.class
   JD: JDownloader.jar/org/appwork/utils/ReflectionUtils$3.class.removed
   JD: JDownloader.jar/org/appwork/utils/ReflectionUtils.class
   JD: JDownloader.jar/org/appwork/utils/StringUtils$1.class
   JD: JDownloader.jar/org/appwork/utils/StringUtils$2.class
   JD: JDownloader.jar/org/appwork/utils/StringUtils$ReferencedCharArrayCharSequence.class
   JD: JDownloader.jar/org/appwork/utils/StringUtils$Stringifier.class
   JD: JDownloader.jar/org/appwork/utils/StringUtils.class
   JD: JDownloader.jar/org/appwork/utils/XML.class
   JD: JDownloader.jar/org/appwork/utils/crypto/Crypto.class
   JD: JDownloader.jar/org/appwork/utils/event/queue/Queue$QueuePriority.class
   JD: JDownloader.jar/org/appwork/utils/event/queue/Queue.class
   JD: JDownloader.jar/org/appwork/utils/event/queue/QueueAction.class
   JD: JDownloader.jar/org/appwork/utils/formatter/SizeFormatter$Unit.class
   JD: JDownloader.jar/org/appwork/utils/formatter/SizeFormatter.class
   JD: JDownloader.jar/org/appwork/utils/formatter/TimeFormatter.class
   JD: JDownloader.jar/org/appwork/utils/images/AbstractIconPipe.class
   JD: JDownloader.jar/org/appwork/utils/images/AlignHorizontal.class
   JD: JDownloader.jar/org/appwork/utils/images/AlignVertical.class
   JD: JDownloader.jar/org/appwork/utils/images/BorderedIcon.class
   JD: JDownloader.jar/org/appwork/utils/images/CanScaleItSelfIcon.class
   JD: JDownloader.jar/org/appwork/utils/images/ColoredIcon$ColorLookup.class
   JD: JDownloader.jar/org/appwork/utils/images/ColoredIcon$Graphics2DProxyImpl.class
   JD: JDownloader.jar/org/appwork/utils/images/ColoredIcon.class
   JD: JDownloader.jar/org/appwork/utils/images/CroppedIcon$1.class
   JD: JDownloader.jar/org/appwork/utils/images/CroppedIcon.class
   JD: JDownloader.jar/org/appwork/utils/images/DebugIcon$1$1.class
   JD: JDownloader.jar/org/appwork/utils/images/DebugIcon$1.class
   JD: JDownloader.jar/org/appwork/utils/images/DebugIcon.class
   JD: JDownloader.jar/org/appwork/utils/images/DisabledIcon.class
   JD: JDownloader.jar/org/appwork/utils/images/IconDebugger$1.class
   JD: JDownloader.jar/org/appwork/utils/images/IconDebugger$2.class
   JD: JDownloader.jar/org/appwork/utils/images/IconDebugger$DebugRow$1.class
   JD: JDownloader.jar/org/appwork/utils/images/IconDebugger$DebugRow.class
   JD: JDownloader.jar/org/appwork/utils/images/IconDebugger$PixelInfoListener.class
   JD: JDownloader.jar/org/appwork/utils/images/IconDebugger$WrappedImageIcon.class
   JD: JDownloader.jar/org/appwork/utils/images/IconDebugger$ZoomableIconLabel$1.class
   JD: JDownloader.jar/org/appwork/utils/images/IconDebugger$ZoomableIconLabel$2.class
   JD: JDownloader.jar/org/appwork/utils/images/IconDebugger$ZoomableIconLabel$3.class
   JD: JDownloader.jar/org/appwork/utils/images/IconDebugger$ZoomableIconLabel.class
   JD: JDownloader.jar/org/appwork/utils/images/IconDebugger.class
   JD: JDownloader.jar/org/appwork/utils/images/IconIO$1.class
   JD: JDownloader.jar/org/appwork/utils/images/IconIO$2.class
   JD: JDownloader.jar/org/appwork/utils/images/IconIO$3.class
   JD: JDownloader.jar/org/appwork/utils/images/IconIO$4.class
   JD: JDownloader.jar/org/appwork/utils/images/IconIO$DataURLFormat.class
   JD: JDownloader.jar/org/appwork/utils/images/IconIO$ScaledIcon.class
   JD: JDownloader.jar/org/appwork/utils/images/IconIO.class
   JD: JDownloader.jar/org/appwork/utils/images/IconPipe.class
   JD: JDownloader.jar/org/appwork/utils/images/ImageCropper.class
   JD: JDownloader.jar/org/appwork/utils/images/Interpolation.class
   JD: JDownloader.jar/org/appwork/utils/images/JNAImageHelper.class
   JD: JDownloader.jar/org/appwork/utils/images/ModificationType.class
   JD: JDownloader.jar/org/appwork/utils/images/ScalableIcon.class
   JD: JDownloader.jar/org/appwork/utils/images/TransparentIcon.class
   JD: JDownloader.jar/org/appwork/utils/images/svg/KitFoxFactory.class
   JD: JDownloader.jar/org/appwork/utils/images/svg/NoSVGSupportFactory.class
   JD: JDownloader.jar/org/appwork/utils/images/svg/SVGFactory.class
   JD: JDownloader.jar/org/appwork/utils/images/svg/SVGIO$1.class
   JD: JDownloader.jar/org/appwork/utils/images/svg/SVGIO.class
   JD: JDownloader.jar/org/appwork/utils/images/svg/SVGIcon.class
   JD: JDownloader.jar/org/appwork/utils/images/svg/WeisjJSVG$1.class
   JD: JDownloader.jar/org/appwork/utils/images/svg/WeisjJSVG.class
   JD: JDownloader.jar/org/appwork/utils/images/svg/WeisjJSVGFactory.class
   JD: JDownloader.jar/org/appwork/utils/io/J7FileObserver.class
   JD: JDownloader.jar/org/appwork/utils/locale/AWUTranslation.class
   JD: JDownloader.jar/org/appwork/utils/net/BasicHTTP/BasicHTTP.class
   JD: JDownloader.jar/org/appwork/utils/net/ChunkedInputStream.class
   JD: JDownloader.jar/org/appwork/utils/net/CountingInputStream.class
   JD: JDownloader.jar/org/appwork/utils/net/CountingInputStreamInterface.class
   JD: JDownloader.jar/org/appwork/utils/net/CountingPushbackInputStream.class
   JD: JDownloader.jar/org/appwork/utils/net/DownloadProgress.class
   JD: JDownloader.jar/org/appwork/utils/net/LineParsingOutputStream.class
   JD: JDownloader.jar/org/appwork/utils/net/PublicSuffixList.class
   JD: JDownloader.jar/org/appwork/utils/net/SimpleHTTP.class
   JD: JDownloader.jar/org/appwork/utils/net/URLHelper.class
   JD: JDownloader.jar/org/appwork/utils/net/UploadProgress.class
   JD: JDownloader.jar/org/appwork/utils/net/effective_tld_names.dat
   JD: JDownloader.jar/org/appwork/utils/net/httpclient/
   JD: JDownloader.jar/org/appwork/utils/net/httpclient/BadRangeResponse.class
   JD: JDownloader.jar/org/appwork/utils/net/httpclient/BadResponseLengthException.class
   JD: JDownloader.jar/org/appwork/utils/net/httpclient/HttpClient$1.class
   JD: JDownloader.jar/org/appwork/utils/net/httpclient/HttpClient$RequestContext$1.class
   JD: JDownloader.jar/org/appwork/utils/net/httpclient/HttpClient$RequestContext$2.class
   JD: JDownloader.jar/org/appwork/utils/net/httpclient/HttpClient$RequestContext.class
   JD: JDownloader.jar/org/appwork/utils/net/httpclient/HttpClient.class
   JD: JDownloader.jar/org/appwork/utils/net/httpclient/HttpClientException.class
   JD: JDownloader.jar/org/appwork/utils/net/httpclient/IncompleteResponseException.class
   JD: JDownloader.jar/org/appwork/utils/net/httpclient/InvalidRedirectException.class
   JD: JDownloader.jar/org/appwork/utils/net/httpclient/InvalidResponseCode.class
   JD: JDownloader.jar/org/appwork/utils/net/httpclient/ReadIOException.class
   JD: JDownloader.jar/org/appwork/utils/net/httpclient/RedirectTimeoutException.class
   JD: JDownloader.jar/org/appwork/utils/net/httpclient/TooManyRedirectsException.class
   JD: JDownloader.jar/org/appwork/utils/net/httpclient/WriteIOException.class
   JD: JDownloader.jar/org/appwork/utils/net/httpconnection/AbstractSocksHTTPConnection.class
   JD: JDownloader.jar/org/appwork/utils/net/httpconnection/CountingBase64InputStream.class
   JD: JDownloader.jar/org/appwork/utils/net/httpconnection/CountingGZIPInputStream.class
   JD: JDownloader.jar/org/appwork/utils/net/httpconnection/CountingInflaterInputStream.class
   JD: JDownloader.jar/org/appwork/utils/net/httpconnection/HTTPConnection.class
   JD: JDownloader.jar/org/appwork/utils/net/httpconnection/HTTPConnectionImpl$1.class
   JD: JDownloader.jar/org/appwork/utils/net/httpconnection/HTTPConnectionImpl$2.class
   JD: JDownloader.jar/org/appwork/utils/net/httpconnection/HTTPConnectionImpl$3.class
   JD: JDownloader.jar/org/appwork/utils/net/httpconnection/HTTPConnectionImpl$4.class
   JD: JDownloader.jar/org/appwork/utils/net/httpconnection/HTTPConnectionImpl$5.class
   JD: JDownloader.jar/org/appwork/utils/net/httpconnection/HTTPConnectionImpl$KEEPALIVE.class
   JD: JDownloader.jar/org/appwork/utils/net/httpconnection/HTTPConnectionImpl$SSL_STATE.class
   JD: JDownloader.jar/org/appwork/utils/net/httpconnection/HTTPConnectionImpl$TryNextConnectException.class
   JD: JDownloader.jar/org/appwork/utils/net/httpconnection/HTTPConnectionImpl.class
   JD: JDownloader.jar/org/appwork/utils/net/httpconnection/HTTPConnectionProfiler$1.class
   JD: JDownloader.jar/org/appwork/utils/net/httpconnection/HTTPConnectionProfiler.class
   JD: JDownloader.jar/org/appwork/utils/net/httpconnection/HTTPConnectionProfilerAdapter.class
   JD: JDownloader.jar/org/appwork/utils/net/httpconnection/HTTPConnectionProfilerInterface.class
   JD: JDownloader.jar/org/appwork/utils/net/httpconnection/HTTPConnectionUtils$1.class
   JD: JDownloader.jar/org/appwork/utils/net/httpconnection/HTTPConnectionUtils$2.class
   JD: JDownloader.jar/org/appwork/utils/net/httpconnection/HTTPConnectionUtils$3.class
   JD: JDownloader.jar/org/appwork/utils/net/httpconnection/HTTPConnectionUtils$4.class
   JD: JDownloader.jar/org/appwork/utils/net/httpconnection/HTTPConnectionUtils$5.class
   JD: JDownloader.jar/org/appwork/utils/net/httpconnection/HTTPConnectionUtils$6.class
   JD: JDownloader.jar/org/appwork/utils/net/httpconnection/HTTPConnectionUtils$DispositionHeader.class
   JD: JDownloader.jar/org/appwork/utils/net/httpconnection/HTTPConnectionUtils$IPVERSION.class
   JD: JDownloader.jar/org/appwork/utils/net/httpconnection/HTTPConnectionUtils.class
   JD: JDownloader.jar/org/appwork/utils/net/httpconnection/HTTPHeaderMap$1.class
   JD: JDownloader.jar/org/appwork/utils/net/httpconnection/HTTPHeaderMap$2.class
   JD: JDownloader.jar/org/appwork/utils/net/httpconnection/HTTPHeaderMap$3$1.class
   JD: JDownloader.jar/org/appwork/utils/net/httpconnection/HTTPHeaderMap$3.class
   JD: JDownloader.jar/org/appwork/utils/net/httpconnection/HTTPHeaderMap$HTTPHeaderKeySet$1.class
   JD: JDownloader.jar/org/appwork/utils/net/httpconnection/HTTPHeaderMap$HTTPHeaderKeySet.class
   JD: JDownloader.jar/org/appwork/utils/net/httpconnection/HTTPHeaderMap$HTTPHeaderMapEntry.class
   JD: JDownloader.jar/org/appwork/utils/net/httpconnection/HTTPHeaderMap.class
   JD: JDownloader.jar/org/appwork/utils/net/httpconnection/HTTPProxyHTTPConnectionImpl$1.class
   JD: JDownloader.jar/org/appwork/utils/net/httpconnection/HTTPProxyHTTPConnectionImpl.class
   JD: JDownloader.jar/org/appwork/utils/net/httpconnection/JavaSSLSocketStreamFactory$1.class
   JD: JDownloader.jar/org/appwork/utils/net/httpconnection/JavaSSLSocketStreamFactory$2.class
   JD: JDownloader.jar/org/appwork/utils/net/httpconnection/JavaSSLSocketStreamFactory$3.class.removed
   JD: JDownloader.jar/org/appwork/utils/net/httpconnection/JavaSSLSocketStreamFactory$4.class
   JD: JDownloader.jar/org/appwork/utils/net/httpconnection/JavaSSLSocketStreamFactory$5.class
   JD: JDownloader.jar/org/appwork/utils/net/httpconnection/JavaSSLSocketStreamFactory$TLS.class
   JD: JDownloader.jar/org/appwork/utils/net/httpconnection/JavaSSLSocketStreamFactory.class
   JD: JDownloader.jar/org/appwork/utils/net/httpconnection/NativeHTTPConnectionImpl$1.class
   JD: JDownloader.jar/org/appwork/utils/net/httpconnection/NativeHTTPConnectionImpl$2.class
   JD: JDownloader.jar/org/appwork/utils/net/httpconnection/NativeHTTPConnectionImpl$3.class
   JD: JDownloader.jar/org/appwork/utils/net/httpconnection/NativeHTTPConnectionImpl$4.class
   JD: JDownloader.jar/org/appwork/utils/net/httpconnection/NativeHTTPConnectionImpl$5.class
   JD: JDownloader.jar/org/appwork/utils/net/httpconnection/NativeHTTPConnectionImpl$6.class
   JD: JDownloader.jar/org/appwork/utils/net/httpconnection/NativeHTTPConnectionImpl$7.class
   JD: JDownloader.jar/org/appwork/utils/net/httpconnection/NativeHTTPConnectionImpl.class
   JD: JDownloader.jar/org/appwork/utils/net/httpconnection/NativeSSLSocketStreamFactory$1.class
   JD: JDownloader.jar/org/appwork/utils/net/httpconnection/NativeSSLSocketStreamFactory$2.class
   JD: JDownloader.jar/org/appwork/utils/net/httpconnection/NativeSSLSocketStreamFactory$3.class
   JD: JDownloader.jar/org/appwork/utils/net/httpconnection/NativeSSLSocketStreamFactory$4.class
   JD: JDownloader.jar/org/appwork/utils/net/httpconnection/NativeSSLSocketStreamFactory.class
   JD: JDownloader.jar/org/appwork/utils/net/httpconnection/SSLSocketStreamFactory18$1.class
   JD: JDownloader.jar/org/appwork/utils/net/httpconnection/SSLSocketStreamFactory18$2.class
   JD: JDownloader.jar/org/appwork/utils/net/httpconnection/SSLSocketStreamFactory18.class
   JD: JDownloader.jar/org/appwork/utils/net/httpconnection/SSLSocketStreamOptions$1.class
   JD: JDownloader.jar/org/appwork/utils/net/httpconnection/SSLSocketStreamOptions.class
   JD: JDownloader.jar/org/appwork/utils/net/httpconnection/X509TrustManagerBridge.class
   JD: JDownloader.jar/org/appwork/utils/net/httpconnection/proxy/WindowsProxyUtils.class
   JD: JDownloader.jar/org/appwork/utils/net/httpserver/HttpServer$1.class
   JD: JDownloader.jar/org/appwork/utils/net/httpserver/HttpServer$2.class
   JD: JDownloader.jar/org/appwork/utils/net/httpserver/HttpServer$3.class
   JD: JDownloader.jar/org/appwork/utils/net/httpserver/HttpServer.class
   JD: JDownloader.jar/org/appwork/utils/net/httpserver/requests/KeyValuePair.class
   JD: JDownloader.jar/org/appwork/utils/net/httpserver/requests/PostRequest$1.class
   JD: JDownloader.jar/org/appwork/utils/net/httpserver/requests/PostRequest$CONTENT_TYPE.class
   JD: JDownloader.jar/org/appwork/utils/net/httpserver/requests/PostRequest.class
   JD: JDownloader.jar/org/appwork/utils/net/socketconnection/HTTPProxySocketConnection$1.class
   JD: JDownloader.jar/org/appwork/utils/net/socketconnection/HTTPProxySocketConnection.class
   JD: JDownloader.jar/org/appwork/utils/net/socketconnection/SocketConnection.class
   JD: JDownloader.jar/org/appwork/utils/net/throttledconnection/SimpleThrottledConnectionHandler$1.class
   JD: JDownloader.jar/org/appwork/utils/net/throttledconnection/SimpleThrottledConnectionHandler$SpeedAssignHelp.class
   JD: JDownloader.jar/org/appwork/utils/net/throttledconnection/SimpleThrottledConnectionHandler.class
   JD: JDownloader.jar/org/appwork/utils/net/throttledconnection/ThrottledInputStream.class
   JD: JDownloader.jar/org/appwork/utils/net/throttledconnection/ThrottledOutputStream.class
   JD: JDownloader.jar/org/appwork/utils/net/usenet/SimpleUseNet$2.class
   JD: JDownloader.jar/org/appwork/utils/net/usenet/SimpleUseNet.class
   JD: JDownloader.jar/org/appwork/utils/net/usenet/YEncInputStream$YEncIndexException.class
   JD: JDownloader.jar/org/appwork/utils/net/usenet/YEncInputStream$YEncSizeException.class
   JD: JDownloader.jar/org/appwork/utils/net/usenet/YEncInputStream.class
   JD: JDownloader.jar/org/appwork/utils/os/ContainerRuntime$TYPE.class
   JD: JDownloader.jar/org/appwork/utils/os/ContainerRuntime.class
   JD: JDownloader.jar/org/appwork/utils/os/CrossSystem$1.class
   JD: JDownloader.jar/org/appwork/utils/os/CrossSystem$2.class
   JD: JDownloader.jar/org/appwork/utils/os/CrossSystem$3.class
   JD: JDownloader.jar/org/appwork/utils/os/CrossSystem$4.class
   JD: JDownloader.jar/org/appwork/utils/os/CrossSystem$ARCHFamily.class
   JD: JDownloader.jar/org/appwork/utils/os/CrossSystem$OSFamily.class
   JD: JDownloader.jar/org/appwork/utils/os/CrossSystem$OperatingSystem.class
   JD: JDownloader.jar/org/appwork/utils/os/CrossSystem.class
   JD: JDownloader.jar/org/appwork/utils/os/CrossSystem17.class
   JD: JDownloader.jar/org/appwork/utils/os/DesktopSupportWindowsViaJNA.class
   JD: JDownloader.jar/org/appwork/utils/os/hardware/QNAP$1.class
   JD: JDownloader.jar/org/appwork/utils/os/hardware/QNAP$2.class
   JD: JDownloader.jar/org/appwork/utils/os/hardware/QNAP$3.class
   JD: JDownloader.jar/org/appwork/utils/os/hardware/QNAP.class
   JD: JDownloader.jar/org/appwork/utils/os/mime/MimeWindows.class
   JD: JDownloader.jar/org/appwork/utils/parser/UrlQuery.class
   JD: JDownloader.jar/org/appwork/utils/reflection/Clazz.class
   JD: JDownloader.jar/org/appwork/utils/singleapp/SingleAppInstance$1.class
   JD: JDownloader.jar/org/appwork/utils/singleapp/SingleAppInstance$2.class
   JD: JDownloader.jar/org/appwork/utils/singleapp/SingleAppInstance$3$1.class.removed
   JD: JDownloader.jar/org/appwork/utils/singleapp/SingleAppInstance$3.class
   JD: JDownloader.jar/org/appwork/utils/singleapp/SingleAppInstance$4$1.class
   JD: JDownloader.jar/org/appwork/utils/singleapp/SingleAppInstance$4.class
   JD: JDownloader.jar/org/appwork/utils/singleapp/SingleAppInstance$5.class
   JD: JDownloader.jar/org/appwork/utils/singleapp/SingleAppInstance$6.class
   JD: JDownloader.jar/org/appwork/utils/singleapp/SingleAppInstance$ClientConnection.class
   JD: JDownloader.jar/org/appwork/utils/singleapp/SingleAppInstance$ErrorReadingResponseException.class
   JD: JDownloader.jar/org/appwork/utils/singleapp/SingleAppInstance$GoAwayException.class
   JD: JDownloader.jar/org/appwork/utils/singleapp/SingleAppInstance$InvalidResponseID.class
   JD: JDownloader.jar/org/appwork/utils/singleapp/SingleAppInstance$NoPortFileException.class
   JD: JDownloader.jar/org/appwork/utils/singleapp/SingleAppInstance$ShutdownHook.class.removed
   JD: JDownloader.jar/org/appwork/utils/singleapp/SingleAppInstance.class
   JD: JDownloader.jar/org/appwork/utils/swing/EDT$1.class
   JD: JDownloader.jar/org/appwork/utils/swing/EDT$2.class
   JD: JDownloader.jar/org/appwork/utils/swing/EDT.class
   JD: JDownloader.jar/org/appwork/utils/swing/EDTHelper.class
   JD: JDownloader.jar/org/appwork/utils/swing/Graph$1$1.class
   JD: JDownloader.jar/org/appwork/utils/swing/Graph$1$2.class
   JD: JDownloader.jar/org/appwork/utils/swing/Graph$1.class
   JD: JDownloader.jar/org/appwork/utils/swing/Graph.class
   JD: JDownloader.jar/org/appwork/utils/swing/Graphics2DProxy.class
   JD: JDownloader.jar/org/appwork/utils/swing/HelpNotifier$1.class
   JD: JDownloader.jar/org/appwork/utils/swing/HelpNotifier.class
   JD: JDownloader.jar/org/appwork/utils/swing/IconDialog.class
   JD: JDownloader.jar/org/appwork/utils/swing/SlowEDTDetector$1.class
   JD: JDownloader.jar/org/appwork/utils/swing/SlowEDTDetector$2.class
   JD: JDownloader.jar/org/appwork/utils/swing/SlowEDTDetector.class
   JD: JDownloader.jar/org/appwork/utils/swing/SwingUtils$1.class
   JD: JDownloader.jar/org/appwork/utils/swing/SwingUtils.class
   JD: JDownloader.jar/org/appwork/utils/swing/TreeModelStateSaver$1.class
   JD: JDownloader.jar/org/appwork/utils/swing/TreeModelStateSaver$2.class
   JD: JDownloader.jar/org/appwork/utils/swing/TreeModelStateSaver.class
   JD: JDownloader.jar/org/appwork/utils/swing/dialog/AbstractDialog$1.class
   JD: JDownloader.jar/org/appwork/utils/swing/dialog/AbstractDialog$10.class
   JD: JDownloader.jar/org/appwork/utils/swing/dialog/AbstractDialog$11.class
   JD: JDownloader.jar/org/appwork/utils/swing/dialog/AbstractDialog$12.class
   JD: JDownloader.jar/org/appwork/utils/swing/dialog/AbstractDialog$13.class
   JD: JDownloader.jar/org/appwork/utils/swing/dialog/AbstractDialog$14.class
   JD: JDownloader.jar/org/appwork/utils/swing/dialog/AbstractDialog$15.class
   JD: JDownloader.jar/org/appwork/utils/swing/dialog/AbstractDialog$16.class
   JD: JDownloader.jar/org/appwork/utils/swing/dialog/AbstractDialog$2.class
   JD: JDownloader.jar/org/appwork/utils/swing/dialog/AbstractDialog$3.class
   JD: JDownloader.jar/org/appwork/utils/swing/dialog/AbstractDialog$4.class
   JD: JDownloader.jar/org/appwork/utils/swing/dialog/AbstractDialog$5$1.class
   JD: JDownloader.jar/org/appwork/utils/swing/dialog/AbstractDialog$5.class
   JD: JDownloader.jar/org/appwork/utils/swing/dialog/AbstractDialog$6$1.class.removed
   JD: JDownloader.jar/org/appwork/utils/swing/dialog/AbstractDialog$6.class
   JD: JDownloader.jar/org/appwork/utils/swing/dialog/AbstractDialog$7.class
   JD: JDownloader.jar/org/appwork/utils/swing/dialog/AbstractDialog$8.class
   JD: JDownloader.jar/org/appwork/utils/swing/dialog/AbstractDialog$9.class
   JD: JDownloader.jar/org/appwork/utils/swing/dialog/AbstractDialog.class
   JD: JDownloader.jar/org/appwork/utils/swing/dialog/ComboBoxDialog.class
   JD: JDownloader.jar/org/appwork/utils/swing/dialog/ConfirmDialog.class
   JD: JDownloader.jar/org/appwork/utils/swing/dialog/ContainerDialog.class
   JD: JDownloader.jar/org/appwork/utils/swing/dialog/Dialog$1.class
   JD: JDownloader.jar/org/appwork/utils/swing/dialog/Dialog$2.class
   JD: JDownloader.jar/org/appwork/utils/swing/dialog/Dialog$3.class
   JD: JDownloader.jar/org/appwork/utils/swing/dialog/Dialog$4$1.class
   JD: JDownloader.jar/org/appwork/utils/swing/dialog/Dialog$4.class
   JD: JDownloader.jar/org/appwork/utils/swing/dialog/Dialog$5.class
   JD: JDownloader.jar/org/appwork/utils/swing/dialog/Dialog$6.class
   JD: JDownloader.jar/org/appwork/utils/swing/dialog/Dialog$7.class
   JD: JDownloader.jar/org/appwork/utils/swing/dialog/Dialog.class
   JD: JDownloader.jar/org/appwork/utils/swing/dialog/DialogIcon.class
   JD: JDownloader.jar/org/appwork/utils/swing/dialog/DialogNoAnswerException.class
   JD: JDownloader.jar/org/appwork/utils/swing/dialog/ExceptionDialog$1.class
   JD: JDownloader.jar/org/appwork/utils/swing/dialog/ExceptionDialog$2.class
   JD: JDownloader.jar/org/appwork/utils/swing/dialog/ExceptionDialog$3.class
   JD: JDownloader.jar/org/appwork/utils/swing/dialog/ExceptionDialog.class
   JD: JDownloader.jar/org/appwork/utils/swing/dialog/ExtFileChooserDialog$1.class
   JD: JDownloader.jar/org/appwork/utils/swing/dialog/ExtFileChooserDialog$2.class
   JD: JDownloader.jar/org/appwork/utils/swing/dialog/ExtFileChooserDialog$3.class
   JD: JDownloader.jar/org/appwork/utils/swing/dialog/ExtFileChooserDialog$4$1.class
   JD: JDownloader.jar/org/appwork/utils/swing/dialog/ExtFileChooserDialog$4$2$1$1.class
   JD: JDownloader.jar/org/appwork/utils/swing/dialog/ExtFileChooserDialog$4$2$1.class
   JD: JDownloader.jar/org/appwork/utils/swing/dialog/ExtFileChooserDialog$4$2$2.class
   JD: JDownloader.jar/org/appwork/utils/swing/dialog/ExtFileChooserDialog$4$2.class
   JD: JDownloader.jar/org/appwork/utils/swing/dialog/ExtFileChooserDialog$4.class
   JD: JDownloader.jar/org/appwork/utils/swing/dialog/ExtFileChooserDialog$5.class
   JD: JDownloader.jar/org/appwork/utils/swing/dialog/ExtFileChooserDialog$6.class
   JD: JDownloader.jar/org/appwork/utils/swing/dialog/ExtFileChooserDialog$7.class
   JD: JDownloader.jar/org/appwork/utils/swing/dialog/ExtFileChooserDialog$8.class
   JD: JDownloader.jar/org/appwork/utils/swing/dialog/ExtFileChooserDialog$9.class
   JD: JDownloader.jar/org/appwork/utils/swing/dialog/ExtFileChooserDialog.class
   JD: JDownloader.jar/org/appwork/utils/swing/dialog/ExtFileChooserDialogIcon.class
   JD: JDownloader.jar/org/appwork/utils/swing/dialog/ExtFileSystemView$1.class
   JD: JDownloader.jar/org/appwork/utils/swing/dialog/ExtFileSystemView$2.class
   JD: JDownloader.jar/org/appwork/utils/swing/dialog/ExtFileSystemView.class
   JD: JDownloader.jar/org/appwork/utils/swing/dialog/HomeFolder.class
   JD: JDownloader.jar/org/appwork/utils/swing/dialog/InputDialog$3.class
   JD: JDownloader.jar/org/appwork/utils/swing/dialog/InputDialog$4.class
   JD: JDownloader.jar/org/appwork/utils/swing/dialog/InputDialog.class
   JD: JDownloader.jar/org/appwork/utils/swing/dialog/InternDialog$1.class
   JD: JDownloader.jar/org/appwork/utils/swing/dialog/InternDialog.class
   JD: JDownloader.jar/org/appwork/utils/swing/dialog/LoginDialog$1.class
   JD: JDownloader.jar/org/appwork/utils/swing/dialog/LoginDialog$2.class
   JD: JDownloader.jar/org/appwork/utils/swing/dialog/LoginDialog$3.class
   JD: JDownloader.jar/org/appwork/utils/swing/dialog/LoginDialog$LoginData.class
   JD: JDownloader.jar/org/appwork/utils/swing/dialog/LoginDialog.class
   JD: JDownloader.jar/org/appwork/utils/swing/dialog/ModdedJFileChooser.class
   JD: JDownloader.jar/org/appwork/utils/swing/dialog/NetWorkFolder.class
   JD: JDownloader.jar/org/appwork/utils/swing/dialog/ProgressDialog$1.class
   JD: JDownloader.jar/org/appwork/utils/swing/dialog/ProgressDialog$2.class
   JD: JDownloader.jar/org/appwork/utils/swing/dialog/ProgressDialog$3.class
   JD: JDownloader.jar/org/appwork/utils/swing/dialog/ProgressDialog$4$1.class
   JD: JDownloader.jar/org/appwork/utils/swing/dialog/ProgressDialog$4.class
   JD: JDownloader.jar/org/appwork/utils/swing/dialog/ProgressDialog.class
   JD: JDownloader.jar/org/appwork/utils/swing/dialog/ProgressDialog2.class
   JD: JDownloader.jar/org/appwork/utils/swing/dialog/ProxyDialog$1.class
   JD: JDownloader.jar/org/appwork/utils/swing/dialog/ProxyDialog$2.class
   JD: JDownloader.jar/org/appwork/utils/swing/dialog/ProxyDialog$3.class
   JD: JDownloader.jar/org/appwork/utils/swing/dialog/ProxyDialog$4.class
   JD: JDownloader.jar/org/appwork/utils/swing/dialog/ProxyDialog$5$1.class
   JD: JDownloader.jar/org/appwork/utils/swing/dialog/ProxyDialog$5.class
   JD: JDownloader.jar/org/appwork/utils/swing/dialog/ProxyDialog$6.class
   JD: JDownloader.jar/org/appwork/utils/swing/dialog/ProxyDialog$7.class
   JD: JDownloader.jar/org/appwork/utils/swing/dialog/ProxyDialog$8.class
   JD: JDownloader.jar/org/appwork/utils/swing/dialog/ProxyDialog$9.class
   JD: JDownloader.jar/org/appwork/utils/swing/dialog/ProxyDialog.class
   JD: JDownloader.jar/org/appwork/utils/swing/dialog/SearchComboBoxDialog$1.class
   JD: JDownloader.jar/org/appwork/utils/swing/dialog/SearchComboBoxDialog$2.class
   JD: JDownloader.jar/org/appwork/utils/swing/dialog/SearchComboBoxDialog.class
   JD: JDownloader.jar/org/appwork/utils/swing/dialog/SliderDialog.class
   JD: JDownloader.jar/org/appwork/utils/swing/dialog/VirtualRoot.class
   JD: JDownloader.jar/org/appwork/utils/swing/dialog/locator/RememberRelativeDialogLocator$1.class
   JD: JDownloader.jar/org/appwork/utils/swing/dialog/locator/RememberRelativeDialogLocator$2.class
   JD: JDownloader.jar/org/appwork/utils/swing/dialog/locator/RememberRelativeDialogLocator.class
   JD: JDownloader.jar/org/appwork/utils/swing/input/JInputTextField.class
   JD: JDownloader.jar/org/appwork/utils/swing/locationstore/LocationStorage.class
   JD: JDownloader.jar/org/appwork/utils/swing/locationstore/LocationStorageManager$1.class
   JD: JDownloader.jar/org/appwork/utils/swing/locationstore/LocationStorageManager$2.class
   JD: JDownloader.jar/org/appwork/utils/swing/locationstore/LocationStorageManager$3.class
   JD: JDownloader.jar/org/appwork/utils/swing/locationstore/LocationStorageManager.class
   JD: JDownloader.jar/org/appwork/utils/swing/locator/AbstractLocator.class
   JD: JDownloader.jar/org/appwork/utils/swing/locator/CenterOfScreenLocator.class
   JD: JDownloader.jar/org/appwork/utils/swing/locator/RememberAbsoluteLocator.class
   JD: JDownloader.jar/org/appwork/utils/swing/renderer/MultipleRenderLabel.class
   JD: JDownloader.jar/org/appwork/utils/swing/renderer/RendererCheckBox.class
   JD: JDownloader.jar/org/appwork/utils/swing/renderer/RendererComboBoxModel.class
   JD: JDownloader.jar/org/appwork/utils/swing/renderer/RendererMigPanel.class
   JD: JDownloader.jar/org/appwork/utils/swing/tests/
   JD: JDownloader.jar/org/appwork/utils/swing/tests/CheckGraphicsProxy.class
   JD: JDownloader.jar/org/appwork/utils/swing/tests/EDTTest$1$1.class
   JD: JDownloader.jar/org/appwork/utils/swing/tests/EDTTest$1.class
   JD: JDownloader.jar/org/appwork/utils/swing/tests/EDTTest$2.class
   JD: JDownloader.jar/org/appwork/utils/swing/tests/EDTTest$3.class
   JD: JDownloader.jar/org/appwork/utils/swing/tests/EDTTest$4$1.class
   JD: JDownloader.jar/org/appwork/utils/swing/tests/EDTTest$4$2.class
   JD: JDownloader.jar/org/appwork/utils/swing/tests/EDTTest$4.class
   JD: JDownloader.jar/org/appwork/utils/swing/tests/EDTTest$5$1.class
   JD: JDownloader.jar/org/appwork/utils/swing/tests/EDTTest$5$2.class
   JD: JDownloader.jar/org/appwork/utils/swing/tests/EDTTest$5.class
   JD: JDownloader.jar/org/appwork/utils/swing/tests/EDTTest.class
   JD: JDownloader.jar/org/appwork/utils/swing/windowmanager/WindowResetListener.class
   JD: JDownloader.jar/org/appwork/utils/swing/windowmanager/WindowsWindowManager$1.class
   JD: JDownloader.jar/org/appwork/utils/swing/windowmanager/WindowsWindowManager$2.class
   JD: JDownloader.jar/org/appwork/utils/swing/windowmanager/WindowsWindowManager$3.class
   JD: JDownloader.jar/org/appwork/utils/swing/windowmanager/WindowsWindowManager$4.class
   JD: JDownloader.jar/org/appwork/utils/swing/windowmanager/WindowsWindowManager$5.class
   JD: JDownloader.jar/org/appwork/utils/swing/windowmanager/WindowsWindowManager$6.class
   JD: JDownloader.jar/org/appwork/utils/swing/windowmanager/WindowsWindowManager.class
   JD: JDownloader.jar/org/appwork/utils/zip/CompressedEntriesIndex.class
   JD: JDownloader.jar/org/appwork/utils/zip/ZipIOReader$1.class
   JD: JDownloader.jar/org/appwork/utils/zip/ZipIOReader.class
   JD: JDownloader.jar/org/appwork/utils/zip/ZipUtils.class.removed
   JD: JDownloader.jar/org/appwork/utils/zip/tests/OnClassPathZipJarTests.class
   JD: JDownloader.jar/org/appwork/utils/zip/tests/ZipTest.class.removed
   JD: JDownloader.jar/org/jdownloader/update/JDUpdateClient$1.class
   JD: JDownloader.jar/org/jdownloader/update/JDUpdateClient$2.class
   JD: JDownloader.jar/org/jdownloader/update/JDUpdateClient$3.class
   JD: JDownloader.jar/org/jdownloader/update/JDUpdateClient$4.class
   JD: JDownloader.jar/org/jdownloader/update/JDUpdateClient$5.class
   JD: JDownloader.jar/org/jdownloader/update/JDUpdateClient$6.class
   JD: JDownloader.jar/org/jdownloader/update/JDUpdateClient$7.class
   JD: JDownloader.jar/org/jdownloader/update/JDUpdateClient$JDExtensionManager.class
   JD: JDownloader.jar/org/jdownloader/update/JDUpdateClient.class
   JD: JDownloader.jar/org/jdownloader/update/gui/UpdateGui.class
   JD: JDownloader.jar/org/jdownloader/update/gui/bubble/AbstractNotifyWindow$1.class
   JD: JDownloader.jar/org/jdownloader/update/gui/bubble/AbstractNotifyWindow$2.class
   JD: JDownloader.jar/org/jdownloader/update/gui/bubble/AbstractNotifyWindow$3$1.class
   JD: JDownloader.jar/org/jdownloader/update/gui/bubble/AbstractNotifyWindow$3.class
   JD: JDownloader.jar/org/jdownloader/update/gui/bubble/AbstractNotifyWindow$4$1.class
   JD: JDownloader.jar/org/jdownloader/update/gui/bubble/AbstractNotifyWindow$4.class
   JD: JDownloader.jar/org/jdownloader/update/gui/bubble/AbstractNotifyWindow$5.class
   JD: JDownloader.jar/org/jdownloader/update/gui/bubble/AbstractNotifyWindow.class
   JD: JDownloader.jar/org/jdownloader/update/launcher/ByPassEntropyBlock.class
   JD: JDownloader.jar/org/jdownloader/update/launcher/JDLauncherViaClassLoader.class
   JD: JDownloader.jar/org/jdownloader/update/launcher/SecondLevelLauncher.class
   JD: JDownloader.jar/org/jdownloader/updatev2/JDClassLoaderLauncher$JDCustomRootClassLoader.class
   JD: JDownloader.jar/org/jdownloader/updatev2/JDClassLoaderLauncher.class
   JD: JDownloader.jar/org/jdownloader/updatev2/UpdateSettings$GetBuildCustomValueGetter.class
   JD: JDownloader.jar/org/jdownloader/updatev2/UpdateSettings.class
   JD: JDownloader.jar/org/jdownloader/updatev2/gui/DefaultEmptyLookAndFeelExtension.class
   JD: JDownloader.jar/org/jdownloader/updatev2/gui/DefaultFlatLAFExtension.class
   JD: JDownloader.jar/org/jdownloader/updatev2/gui/DefaultLookAndFeelExtension.class
   JD: JDownloader.jar/org/jdownloader/updatev2/gui/LAFSettingsStorageHandlerFactory$1$1.class
   JD: JDownloader.jar/org/jdownloader/updatev2/gui/LAFSettingsStorageHandlerFactory$1$2.class
   JD: JDownloader.jar/org/jdownloader/updatev2/gui/LAFSettingsStorageHandlerFactory$1.class
   JD: JDownloader.jar/org/jdownloader/updatev2/gui/LAFSettingsStorageHandlerFactory.class
   JD: JDownloader.jar/org/jdownloader/updatev2/gui/LookAndFeelType.class
