Exception:

java.io.IOException: No Mirror Available
	at org.appwork.updatesys.client.UpdateClient.download(UpdateClient.java:797)
	at org.appwork.updatesys.client.UpdateClient.runPackageDownload(UpdateClient.java:1898)
	at org.appwork.updatesys.client.UpdateClient.runPackageDownload(UpdateClient.java:1884)
	at org.appwork.install4j.updatesys.Webinstaller.installByID(Webinstaller.java:227)
	at org.appwork.install4j.updatesys.Webinstaller.install(Webinstaller.java:186)
	at com.install4j.runtime.installer.InstallerContextImpl$2.fetchValue(InstallerContextImpl.java:170)
	at com.install4j.runtime.installer.InstallerContextImpl$2.fetchValue(InstallerContextImpl.java:167)
	at com.install4j.runtime.installer.helper.comm.actions.FetchObjectAction.execute(FetchObjectAction.java:14)
	at com.install4j.runtime.installer.helper.comm.HelperCommunication.executeActionDirect(HelperCommunication.java:266)
	at com.install4j.runtime.installer.helper.comm.HelperCommunication.executeActionInt(HelperCommunication.java:241)
	at com.install4j.runtime.installer.helper.comm.HelperCommunication.executeActionChecked(HelperCommunication.java:179)
	at com.install4j.runtime.installer.helper.comm.HelperCommunication.fetchObjectChecked(HelperCommunication.java:162)
	at com.install4j.runtime.installer.InstallerContextImpl.performActionIntStatic(InstallerContextImpl.java:167)
	at com.install4j.runtime.installer.InstallerContextImpl.performActionInt(InstallerContextImpl.java:155)
	at com.install4j.runtime.installer.ContextImpl.performAction(ContextImpl.java:1058)
	at com.install4j.runtime.installer.controller.Controller.executeActions(Controller.java:318)
	at com.install4j.runtime.installer.controller.Controller.handleCommand(Controller.java:170)
	at com.install4j.runtime.installer.controller.Controller.start(Controller.java:91)
	at com.install4j.runtime.installer.Installer.runInProcess(Installer.java:41)
	at com.install4j.runtime.installer.Installer.main(Installer.java:28)
	at sun.reflect.NativeMethodAccessorImpl.invoke0(Native Method)
	at sun.reflect.NativeMethodAccessorImpl.invoke(NativeMethodAccessorImpl.java:62)
	at sun.reflect.DelegatingMethodAccessorImpl.invoke(DelegatingMethodAccessorImpl.java:43)
	at java.lang.reflect.Method.invoke(Method.java:497)
	at com.exe4j.runtime.LauncherEngine.launch(LauncherEngine.java:62)
	at com.install4j.runtime.launcher.UnixLauncher.main(UnixLauncher.java:57)

System properties:

java.runtime.name=Java(TM) SE Runtime Environment
exe4j.moduleName=/home/harry/.var/app/org.jdownloader.JDownloader/cache/JD2Setup.sh
sun.boot.library.path=/home/harry/.var/app/org.jdownloader.JDownloader/cache/JD2Setup.sh.4.dir/jre/lib/amd64
java.vm.version=25.66-b17
java.vm.vendor=Oracle Corporation
java.vendor.url=http://java.oracle.com/
path.separator=:
java.vm.name=Java HotSpot(TM) 64-Bit Server VM
file.encoding.pkg=sun.io
user.country=FR
sun.java.launcher=SUN_STANDARD
sun.os.patch.level=unknown
install4j.exeDir=/home/harry/.var/app/org.jdownloader.JDownloader/cache/
java.vm.specification.name=Java Virtual Machine Specification
user.dir=/home/harry/.var/app/org.jdownloader.JDownloader/cache/JD2Setup.sh.4.dir
java.runtime.version=1.8.0_66-b17
java.awt.graphicsenv=sun.awt.X11GraphicsEnvironment
i4jv=0
java.endorsed.dirs=/home/harry/.var/app/org.jdownloader.JDownloader/cache/JD2Setup.sh.4.dir/jre/lib/endorsed
os.arch=amd64
java.io.tmpdir=/tmp
line.separator=

java.vm.specification.vendor=Oracle Corporation
java.util.logging.manager=org.appwork.utils.logging2.extmanager.ExtLogManager
os.name=Linux
exe4j.totalDataLength=50606829
proxySet=false
sun.java2d.noddraw=true
sun.jnu.encoding=UTF-8
java.library.path=/app/lib/ffmpeg:/app/lib/openh264/extra:/usr/java/packages/lib/amd64:/usr/lib64:/lib64:/lib:/usr/lib
sun.awt.enableExtraMouseButtons=true
java.specification.name=Java Platform API Specification
java.class.version=52.0
sun.management.compiler=HotSpot 64-Bit Tiered Compilers
os.version=6.8.0-58-generic
i4j.vpt=true
install4j.cwd=/home/harry
user.home=/home/harry
user.timezone=Europe/Paris
java.awt.printerjob=sun.print.PSPrinterJob
file.encoding=UTF-8
install4j.jvmDir=/home/harry/.var/app/org.jdownloader.JDownloader/cache/JD2Setup.sh.4.dir/jre
java.specification.version=1.8
java.class.path=i4jruntime.jar:user.jar:user/JDownloader.jar:user/proxyVole.jar
user.name=harry
java.vm.specification.version=1.8
sun.java.command=com.install4j.runtime.launcher.UnixLauncher launch 0   com.install4j.runtime.installer.Installer -q -dir /home/harry/.var/app/org.jdownloader.JDownloader/data/jdownloader/tmp
java.home=/home/harry/.var/app/org.jdownloader.JDownloader/cache/JD2Setup.sh.4.dir/jre
sun.arch.data.model=64
user.language=fr
java.specification.vendor=Oracle Corporation
awt.toolkit=sun.awt.X11.XToolkit
java.vm.info=mixed mode
java.version=1.8.0_66
java.ext.dirs=/home/harry/.var/app/org.jdownloader.JDownloader/cache/JD2Setup.sh.4.dir/jre/lib/ext:/home/harry/.var/app/org.jdownloader.JDownloader/cache/JD2Setup.sh.4.dir/jre/jre/lib/ext
sun.boot.class.path=/home/harry/.var/app/org.jdownloader.JDownloader/cache/JD2Setup.sh.4.dir/jre/lib/resources.jar:/home/harry/.var/app/org.jdownloader.JDownloader/cache/JD2Setup.sh.4.dir/jre/lib/rt.jar:/home/harry/.var/app/org.jdownloader.JDownloader/cache/JD2Setup.sh.4.dir/jre/lib/sunrsasign.jar:/home/harry/.var/app/org.jdownloader.JDownloader/cache/JD2Setup.sh.4.dir/jre/lib/jsse.jar:/home/harry/.var/app/org.jdownloader.JDownloader/cache/JD2Setup.sh.4.dir/jre/lib/jce.jar:/home/harry/.var/app/org.jdownloader.JDownloader/cache/JD2Setup.sh.4.dir/jre/lib/charsets.jar:/home/harry/.var/app/org.jdownloader.JDownloader/cache/JD2Setup.sh.4.dir/jre/lib/jfr.jar:/home/harry/.var/app/org.jdownloader.JDownloader/cache/JD2Setup.sh.4.dir/jre/classes
install4j.appDir=/home/harry/.var/app/org.jdownloader.JDownloader/cache/
java.vendor=Oracle Corporation
file.separator=/
java.vendor.url.bug=http://bugreport.sun.com/bugreport/
sun.font.fontmanager=sun.awt.X11FontManager
sun.io.unicode.encoding=UnicodeLittle
sun.cpu.endian=little
install4j.systemLanguage=fr
sun.desktop=gnome
awuhome.jdinstall=/tmp/_jdinstall
sun.cpu.isalist=
